

================================================================
== Vivado HLS Report for 'bubble_sort'
================================================================
* Date:           Thu Dec  6 13:20:25 2018

* Version:        2017.4 (Build 2086221 on Fri Dec 15 21:13:33 MST 2017)
* Project:        MedianFilter
* Solution:       solution3
* Product family: zynq
* Target device:  xc7z020clg484-1


================================================================
== Performance Estimates
================================================================
+ Timing (ns): 
    * Summary: 
    +--------+-------+----------+------------+
    |  Clock | Target| Estimated| Uncertainty|
    +--------+-------+----------+------------+
    |ap_clk  |  10.00|      7.69|        1.25|
    +--------+-------+----------+------------+

+ Latency (clock cycles): 
    * Summary: 
    +-----+-----+-----+-----+----------+
    |  Latency  |  Interval | Pipeline |
    | min | max | min | max |   Type   |
    +-----+-----+-----+-----+----------+
    |   10|   10|    1|    1| function |
    +-----+-----+-----+-----+----------+

    + Detail: 
        * Instance: 
        N/A

        * Loop: 
        N/A

============================================================
+ Verbose Summary: Synthesis Manager
============================================================
InlineROM: 1
ExposeGlobal: 0
============================================================
+ Verbose Summary: CDFG Model
============================================================
IsTopModel: 0
ResetActiveHigh: 1
IsCombinational: 0
IsDatapathOnly: 0
HasWiredReturn: 1
HasMFsm: 2
HasVarLatency: 0
IsPipeline: 1
IsRtlPipelined: 1
IsInstanceOverlapped: 0
IsDontTouch: 0
HasImplIP: 0
IsGatedGlobalClock: 0

+ Individual pipeline summary: 
  * Pipeline-0: initiation interval (II) = 1, depth = 11


============================================================
+ Verbose Summary: Schedule
============================================================
* Number of FSM states : 11
* Pipeline : 1
  Pipeline-0 : II = 1, D = 11, States = { 1 2 3 4 5 6 7 8 9 10 11 }
* Dataflow Pipeline: 0

* FSM state transitions: 
1 --> 
	2  / true
2 --> 
	3  / true
3 --> 
	4  / true
4 --> 
	5  / true
5 --> 
	6  / true
6 --> 
	7  / true
7 --> 
	8  / true
8 --> 
	9  / true
9 --> 
	10  / true
10 --> 
	11  / true
11 --> 

* FSM state operations: 

 <State 1> : 7.69ns
ST_1 : Operation 12 [1/1] (0.00ns)   --->   "%CROP_2_2_read_1 = call i32 @_ssdm_op_Read.ap_auto.i32(i32 %CROP_2_2_read)"
ST_1 : Operation 13 [1/1] (0.00ns)   --->   "%CROP_2_1_read_1 = call i32 @_ssdm_op_Read.ap_auto.i32(i32 %CROP_2_1_read)"
ST_1 : Operation 14 [1/1] (0.00ns)   --->   "%CROP_2_0_read_1 = call i32 @_ssdm_op_Read.ap_auto.i32(i32 %CROP_2_0_read)"
ST_1 : Operation 15 [1/1] (0.00ns)   --->   "%CROP_1_2_read_1 = call i32 @_ssdm_op_Read.ap_auto.i32(i32 %CROP_1_2_read)"
ST_1 : Operation 16 [1/1] (0.00ns)   --->   "%CROP_1_1_read_1 = call i32 @_ssdm_op_Read.ap_auto.i32(i32 %CROP_1_1_read)"
ST_1 : Operation 17 [1/1] (0.00ns)   --->   "%CROP_1_0_read_1 = call i32 @_ssdm_op_Read.ap_auto.i32(i32 %CROP_1_0_read)"
ST_1 : Operation 18 [1/1] (0.00ns)   --->   "%CROP_0_2_read_1 = call i32 @_ssdm_op_Read.ap_auto.i32(i32 %CROP_0_2_read)"
ST_1 : Operation 19 [1/1] (0.00ns)   --->   "%CROP_0_1_read_1 = call i32 @_ssdm_op_Read.ap_auto.i32(i32 %CROP_0_1_read)"
ST_1 : Operation 20 [1/1] (0.00ns)   --->   "%CROP_0_0_read_1 = call i32 @_ssdm_op_Read.ap_auto.i32(i32 %CROP_0_0_read)"
ST_1 : Operation 21 [1/1] (2.47ns)   --->   "%tmp_s = icmp sgt i32 %CROP_0_0_read_1, %CROP_0_1_read_1" [MedianFilter/median.cpp:33]   --->   Core 25 'Cmp' <Latency = 0> <II = 1> <Delay = 2.47> <FuncUnit> <Opcode : 'icmp'> <InPorts = 2> <OutPorts = 1>
ST_1 : Operation 22 [1/1] (1.37ns)   --->   "%p_read1_read = select i1 %tmp_s, i32 %CROP_0_1_read_1, i32 %CROP_0_0_read_1" [MedianFilter/median.cpp:33]   --->   Core 26 'Sel' <Latency = 0> <II = 1> <Delay = 1.37> <FuncUnit> <Opcode : 'select'> <InPorts = 3> <OutPorts = 1>
ST_1 : Operation 23 [1/1] (1.37ns)   --->   "%p_read_read1 = select i1 %tmp_s, i32 %CROP_0_0_read_1, i32 %CROP_0_1_read_1" [MedianFilter/median.cpp:33]   --->   Core 26 'Sel' <Latency = 0> <II = 1> <Delay = 1.37> <FuncUnit> <Opcode : 'select'> <InPorts = 3> <OutPorts = 1>
ST_1 : Operation 24 [1/1] (2.47ns)   --->   "%tmp_12_0_1 = icmp sgt i32 %p_read_read1, %CROP_0_2_read_1" [MedianFilter/median.cpp:33]   --->   Core 25 'Cmp' <Latency = 0> <II = 1> <Delay = 2.47> <FuncUnit> <Opcode : 'icmp'> <InPorts = 2> <OutPorts = 1>
ST_1 : Operation 25 [1/1] (1.37ns)   --->   "%p_read2_read_read1 = select i1 %tmp_12_0_1, i32 %CROP_0_2_read_1, i32 %p_read_read1" [MedianFilter/median.cpp:33]   --->   Core 26 'Sel' <Latency = 0> <II = 1> <Delay = 1.37> <FuncUnit> <Opcode : 'select'> <InPorts = 3> <OutPorts = 1>
ST_1 : Operation 26 [1/1] (1.37ns)   --->   "%p_read_read1_read2 = select i1 %tmp_12_0_1, i32 %p_read_read1, i32 %CROP_0_2_read_1" [MedianFilter/median.cpp:33]   --->   Core 26 'Sel' <Latency = 0> <II = 1> <Delay = 1.37> <FuncUnit> <Opcode : 'select'> <InPorts = 3> <OutPorts = 1>

 <State 2> : 7.69ns
ST_2 : Operation 27 [1/1] (2.47ns)   --->   "%tmp_12_0_2 = icmp sgt i32 %p_read_read1_read2, %CROP_1_0_read_1" [MedianFilter/median.cpp:33]   --->   Core 25 'Cmp' <Latency = 0> <II = 1> <Delay = 2.47> <FuncUnit> <Opcode : 'icmp'> <InPorts = 2> <OutPorts = 1>
ST_2 : Operation 28 [1/1] (1.37ns)   --->   "%p_read3_read_read1_s = select i1 %tmp_12_0_2, i32 %CROP_1_0_read_1, i32 %p_read_read1_read2" [MedianFilter/median.cpp:33]   --->   Core 26 'Sel' <Latency = 0> <II = 1> <Delay = 1.37> <FuncUnit> <Opcode : 'select'> <InPorts = 3> <OutPorts = 1>
ST_2 : Operation 29 [1/1] (1.37ns)   --->   "%p_read_read1_read2_s = select i1 %tmp_12_0_2, i32 %p_read_read1_read2, i32 %CROP_1_0_read_1" [MedianFilter/median.cpp:33]   --->   Core 26 'Sel' <Latency = 0> <II = 1> <Delay = 1.37> <FuncUnit> <Opcode : 'select'> <InPorts = 3> <OutPorts = 1>
ST_2 : Operation 30 [1/1] (2.47ns)   --->   "%tmp_12_0_3 = icmp sgt i32 %p_read_read1_read2_s, %CROP_1_1_read_1" [MedianFilter/median.cpp:33]   --->   Core 25 'Cmp' <Latency = 0> <II = 1> <Delay = 2.47> <FuncUnit> <Opcode : 'icmp'> <InPorts = 2> <OutPorts = 1>
ST_2 : Operation 31 [1/1] (1.37ns)   --->   "%p_read4_read_read1_s = select i1 %tmp_12_0_3, i32 %CROP_1_1_read_1, i32 %p_read_read1_read2_s" [MedianFilter/median.cpp:33]   --->   Core 26 'Sel' <Latency = 0> <II = 1> <Delay = 1.37> <FuncUnit> <Opcode : 'select'> <InPorts = 3> <OutPorts = 1>
ST_2 : Operation 32 [1/1] (1.37ns)   --->   "%p_read_read1_read2_1 = select i1 %tmp_12_0_3, i32 %p_read_read1_read2_s, i32 %CROP_1_1_read_1" [MedianFilter/median.cpp:33]   --->   Core 26 'Sel' <Latency = 0> <II = 1> <Delay = 1.37> <FuncUnit> <Opcode : 'select'> <InPorts = 3> <OutPorts = 1>
ST_2 : Operation 33 [1/1] (2.47ns)   --->   "%tmp_12_1 = icmp sgt i32 %p_read1_read, %p_read2_read_read1" [MedianFilter/median.cpp:33]   --->   Core 25 'Cmp' <Latency = 0> <II = 1> <Delay = 2.47> <FuncUnit> <Opcode : 'icmp'> <InPorts = 2> <OutPorts = 1>
ST_2 : Operation 34 [1/1] (1.37ns)   --->   "%p_read2_read_read1_s = select i1 %tmp_12_1, i32 %p_read2_read_read1, i32 %p_read1_read" [MedianFilter/median.cpp:33]   --->   Core 26 'Sel' <Latency = 0> <II = 1> <Delay = 1.37> <FuncUnit> <Opcode : 'select'> <InPorts = 3> <OutPorts = 1>
ST_2 : Operation 35 [1/1] (1.37ns)   --->   "%p_read1_read_read2_s = select i1 %tmp_12_1, i32 %p_read1_read, i32 %p_read2_read_read1" [MedianFilter/median.cpp:33]   --->   Core 26 'Sel' <Latency = 0> <II = 1> <Delay = 1.37> <FuncUnit> <Opcode : 'select'> <InPorts = 3> <OutPorts = 1>
ST_2 : Operation 36 [1/1] (2.47ns)   --->   "%tmp_12_1_1 = icmp sgt i32 %p_read1_read_read2_s, %p_read3_read_read1_s" [MedianFilter/median.cpp:33]   --->   Core 25 'Cmp' <Latency = 0> <II = 1> <Delay = 2.47> <FuncUnit> <Opcode : 'icmp'> <InPorts = 2> <OutPorts = 1>
ST_2 : Operation 37 [1/1] (1.37ns)   --->   "%sel_SEBB1 = select i1 %tmp_12_1_1, i32 %p_read3_read_read1_s, i32 %p_read1_read_read2_s" [MedianFilter/median.cpp:33]   --->   Core 26 'Sel' <Latency = 0> <II = 1> <Delay = 1.37> <FuncUnit> <Opcode : 'select'> <InPorts = 3> <OutPorts = 1>
ST_2 : Operation 38 [1/1] (1.37ns)   --->   "%sel_SEBB2 = select i1 %tmp_12_1_1, i32 %p_read1_read_read2_s, i32 %p_read3_read_read1_s" [MedianFilter/median.cpp:33]   --->   Core 26 'Sel' <Latency = 0> <II = 1> <Delay = 1.37> <FuncUnit> <Opcode : 'select'> <InPorts = 3> <OutPorts = 1>

 <State 3> : 7.69ns
ST_3 : Operation 39 [1/1] (2.47ns)   --->   "%tmp_12_0_4 = icmp sgt i32 %p_read_read1_read2_1, %CROP_1_2_read_1" [MedianFilter/median.cpp:33]   --->   Core 25 'Cmp' <Latency = 0> <II = 1> <Delay = 2.47> <FuncUnit> <Opcode : 'icmp'> <InPorts = 2> <OutPorts = 1>
ST_3 : Operation 40 [1/1] (1.37ns)   --->   "%p_read5_read_read1_s = select i1 %tmp_12_0_4, i32 %CROP_1_2_read_1, i32 %p_read_read1_read2_1" [MedianFilter/median.cpp:33]   --->   Core 26 'Sel' <Latency = 0> <II = 1> <Delay = 1.37> <FuncUnit> <Opcode : 'select'> <InPorts = 3> <OutPorts = 1>
ST_3 : Operation 41 [1/1] (1.37ns)   --->   "%p_read_read1_read2_2 = select i1 %tmp_12_0_4, i32 %p_read_read1_read2_1, i32 %CROP_1_2_read_1" [MedianFilter/median.cpp:33]   --->   Core 26 'Sel' <Latency = 0> <II = 1> <Delay = 1.37> <FuncUnit> <Opcode : 'select'> <InPorts = 3> <OutPorts = 1>
ST_3 : Operation 42 [1/1] (2.47ns)   --->   "%tmp_12_0_5 = icmp sgt i32 %p_read_read1_read2_2, %CROP_2_0_read_1" [MedianFilter/median.cpp:33]   --->   Core 25 'Cmp' <Latency = 0> <II = 1> <Delay = 2.47> <FuncUnit> <Opcode : 'icmp'> <InPorts = 2> <OutPorts = 1>
ST_3 : Operation 43 [1/1] (1.37ns)   --->   "%p_read6_read_read1_s = select i1 %tmp_12_0_5, i32 %CROP_2_0_read_1, i32 %p_read_read1_read2_2" [MedianFilter/median.cpp:33]   --->   Core 26 'Sel' <Latency = 0> <II = 1> <Delay = 1.37> <FuncUnit> <Opcode : 'select'> <InPorts = 3> <OutPorts = 1>
ST_3 : Operation 44 [1/1] (1.37ns)   --->   "%p_read_read1_read2_3 = select i1 %tmp_12_0_5, i32 %p_read_read1_read2_2, i32 %CROP_2_0_read_1" [MedianFilter/median.cpp:33]   --->   Core 26 'Sel' <Latency = 0> <II = 1> <Delay = 1.37> <FuncUnit> <Opcode : 'select'> <InPorts = 3> <OutPorts = 1>
ST_3 : Operation 45 [1/1] (2.47ns)   --->   "%tmp_12_1_2 = icmp sgt i32 %sel_SEBB2, %p_read4_read_read1_s" [MedianFilter/median.cpp:33]   --->   Core 25 'Cmp' <Latency = 0> <II = 1> <Delay = 2.47> <FuncUnit> <Opcode : 'icmp'> <InPorts = 2> <OutPorts = 1>
ST_3 : Operation 46 [1/1] (1.37ns)   --->   "%p_read4_read_read1_1 = select i1 %tmp_12_1_2, i32 %p_read4_read_read1_s, i32 %sel_SEBB2" [MedianFilter/median.cpp:33]   --->   Core 26 'Sel' <Latency = 0> <II = 1> <Delay = 1.37> <FuncUnit> <Opcode : 'select'> <InPorts = 3> <OutPorts = 1>
ST_3 : Operation 47 [1/1] (1.37ns)   --->   "%sel_SEBB11_read4_r = select i1 %tmp_12_1_2, i32 %sel_SEBB2, i32 %p_read4_read_read1_s" [MedianFilter/median.cpp:33]   --->   Core 26 'Sel' <Latency = 0> <II = 1> <Delay = 1.37> <FuncUnit> <Opcode : 'select'> <InPorts = 3> <OutPorts = 1>
ST_3 : Operation 48 [1/1] (2.47ns)   --->   "%tmp_12_1_3 = icmp sgt i32 %sel_SEBB11_read4_r, %p_read5_read_read1_s" [MedianFilter/median.cpp:33]   --->   Core 25 'Cmp' <Latency = 0> <II = 1> <Delay = 2.47> <FuncUnit> <Opcode : 'icmp'> <InPorts = 2> <OutPorts = 1>
ST_3 : Operation 49 [1/1] (1.37ns)   --->   "%sel_SEBB3 = select i1 %tmp_12_1_3, i32 %p_read5_read_read1_s, i32 %sel_SEBB11_read4_r" [MedianFilter/median.cpp:33]   --->   Core 26 'Sel' <Latency = 0> <II = 1> <Delay = 1.37> <FuncUnit> <Opcode : 'select'> <InPorts = 3> <OutPorts = 1>
ST_3 : Operation 50 [1/1] (1.37ns)   --->   "%sel_SEBB4 = select i1 %tmp_12_1_3, i32 %sel_SEBB11_read4_r, i32 %p_read5_read_read1_s" [MedianFilter/median.cpp:33]   --->   Core 26 'Sel' <Latency = 0> <II = 1> <Delay = 1.37> <FuncUnit> <Opcode : 'select'> <InPorts = 3> <OutPorts = 1>
ST_3 : Operation 51 [1/1] (2.47ns)   --->   "%tmp_12_2 = icmp sgt i32 %p_read2_read_read1_s, %sel_SEBB1" [MedianFilter/median.cpp:33]   --->   Core 25 'Cmp' <Latency = 0> <II = 1> <Delay = 2.47> <FuncUnit> <Opcode : 'icmp'> <InPorts = 2> <OutPorts = 1>
ST_3 : Operation 52 [1/1] (1.37ns)   --->   "%sel_SEBB10_read2_r = select i1 %tmp_12_2, i32 %sel_SEBB1, i32 %p_read2_read_read1_s" [MedianFilter/median.cpp:33]   --->   Core 26 'Sel' <Latency = 0> <II = 1> <Delay = 1.37> <FuncUnit> <Opcode : 'select'> <InPorts = 3> <OutPorts = 1>
ST_3 : Operation 53 [1/1] (1.37ns)   --->   "%p_read2_read_read1_1 = select i1 %tmp_12_2, i32 %p_read2_read_read1_s, i32 %sel_SEBB1" [MedianFilter/median.cpp:33]   --->   Core 26 'Sel' <Latency = 0> <II = 1> <Delay = 1.37> <FuncUnit> <Opcode : 'select'> <InPorts = 3> <OutPorts = 1>
ST_3 : Operation 54 [1/1] (2.47ns)   --->   "%tmp_12_2_1 = icmp sgt i32 %p_read2_read_read1_1, %p_read4_read_read1_1" [MedianFilter/median.cpp:33]   --->   Core 25 'Cmp' <Latency = 0> <II = 1> <Delay = 2.47> <FuncUnit> <Opcode : 'icmp'> <InPorts = 2> <OutPorts = 1>
ST_3 : Operation 55 [1/1] (1.37ns)   --->   "%sel_SEBB8 = select i1 %tmp_12_2_1, i32 %p_read4_read_read1_1, i32 %p_read2_read_read1_1" [MedianFilter/median.cpp:33]   --->   Core 26 'Sel' <Latency = 0> <II = 1> <Delay = 1.37> <FuncUnit> <Opcode : 'select'> <InPorts = 3> <OutPorts = 1>
ST_3 : Operation 56 [1/1] (1.37ns)   --->   "%sel_SEBB10 = select i1 %tmp_12_2_1, i32 %p_read2_read_read1_1, i32 %p_read4_read_read1_1" [MedianFilter/median.cpp:33]   --->   Core 26 'Sel' <Latency = 0> <II = 1> <Delay = 1.37> <FuncUnit> <Opcode : 'select'> <InPorts = 3> <OutPorts = 1>

 <State 4> : 7.69ns
ST_4 : Operation 57 [1/1] (2.47ns)   --->   "%tmp_12_0_6 = icmp sgt i32 %p_read_read1_read2_3, %CROP_2_1_read_1" [MedianFilter/median.cpp:33]   --->   Core 25 'Cmp' <Latency = 0> <II = 1> <Delay = 2.47> <FuncUnit> <Opcode : 'icmp'> <InPorts = 2> <OutPorts = 1>
ST_4 : Operation 58 [1/1] (1.37ns)   --->   "%sel_SEBB = select i1 %tmp_12_0_6, i32 %CROP_2_1_read_1, i32 %p_read_read1_read2_3" [MedianFilter/median.cpp:33]   --->   Core 26 'Sel' <Latency = 0> <II = 1> <Delay = 1.37> <FuncUnit> <Opcode : 'select'> <InPorts = 3> <OutPorts = 1>
ST_4 : Operation 59 [1/1] (1.37ns)   --->   "%sel_SEBB9 = select i1 %tmp_12_0_6, i32 %p_read_read1_read2_3, i32 %CROP_2_1_read_1" [MedianFilter/median.cpp:33]   --->   Core 26 'Sel' <Latency = 0> <II = 1> <Delay = 1.37> <FuncUnit> <Opcode : 'select'> <InPorts = 3> <OutPorts = 1>
ST_4 : Operation 60 [1/1] (2.47ns)   --->   "%tmp_12_0_7 = icmp sgt i32 %sel_SEBB9, %CROP_2_2_read_1" [MedianFilter/median.cpp:33]   --->   Core 25 'Cmp' <Latency = 0> <II = 1> <Delay = 2.47> <FuncUnit> <Opcode : 'icmp'> <InPorts = 2> <OutPorts = 1>
ST_4 : Operation 61 [1/1] (1.37ns)   --->   "%p_read8_sel_SEBB9 = select i1 %tmp_12_0_7, i32 %CROP_2_2_read_1, i32 %sel_SEBB9" [MedianFilter/median.cpp:33]   --->   Core 26 'Sel' <Latency = 0> <II = 1> <Delay = 1.37> <FuncUnit> <Opcode : 'select'> <InPorts = 3> <OutPorts = 1>
ST_4 : Operation 62 [1/1] (1.37ns)   --->   "%sel_SEBB9_read8 = select i1 %tmp_12_0_7, i32 %sel_SEBB9, i32 %CROP_2_2_read_1" [MedianFilter/median.cpp:33]   --->   Core 26 'Sel' <Latency = 0> <II = 1> <Delay = 1.37> <FuncUnit> <Opcode : 'select'> <InPorts = 3> <OutPorts = 1>
ST_4 : Operation 63 [1/1] (2.47ns)   --->   "%tmp_12_1_4 = icmp sgt i32 %sel_SEBB4, %p_read6_read_read1_s" [MedianFilter/median.cpp:33]   --->   Core 25 'Cmp' <Latency = 0> <II = 1> <Delay = 2.47> <FuncUnit> <Opcode : 'icmp'> <InPorts = 2> <OutPorts = 1>
ST_4 : Operation 64 [1/1] (1.37ns)   --->   "%sel_SEBB5 = select i1 %tmp_12_1_4, i32 %p_read6_read_read1_s, i32 %sel_SEBB4" [MedianFilter/median.cpp:33]   --->   Core 26 'Sel' <Latency = 0> <II = 1> <Delay = 1.37> <FuncUnit> <Opcode : 'select'> <InPorts = 3> <OutPorts = 1>
ST_4 : Operation 65 [1/1] (1.37ns)   --->   "%sel_SEBB6 = select i1 %tmp_12_1_4, i32 %sel_SEBB4, i32 %p_read6_read_read1_s" [MedianFilter/median.cpp:33]   --->   Core 26 'Sel' <Latency = 0> <II = 1> <Delay = 1.37> <FuncUnit> <Opcode : 'select'> <InPorts = 3> <OutPorts = 1>
ST_4 : Operation 66 [1/1] (2.47ns)   --->   "%tmp_12_1_5 = icmp sgt i32 %sel_SEBB6, %sel_SEBB" [MedianFilter/median.cpp:33]   --->   Core 25 'Cmp' <Latency = 0> <II = 1> <Delay = 2.47> <FuncUnit> <Opcode : 'icmp'> <InPorts = 2> <OutPorts = 1>
ST_4 : Operation 67 [1/1] (1.37ns)   --->   "%sel_SEBB_sel_SEBB = select i1 %tmp_12_1_5, i32 %sel_SEBB, i32 %sel_SEBB6" [MedianFilter/median.cpp:33]   --->   Core 26 'Sel' <Latency = 0> <II = 1> <Delay = 1.37> <FuncUnit> <Opcode : 'select'> <InPorts = 3> <OutPorts = 1>
ST_4 : Operation 68 [1/1] (1.37ns)   --->   "%sel_SEBB15_sel_SEBB = select i1 %tmp_12_1_5, i32 %sel_SEBB6, i32 %sel_SEBB" [MedianFilter/median.cpp:33]   --->   Core 26 'Sel' <Latency = 0> <II = 1> <Delay = 1.37> <FuncUnit> <Opcode : 'select'> <InPorts = 3> <OutPorts = 1>
ST_4 : Operation 69 [1/1] (2.47ns)   --->   "%tmp_12_2_2 = icmp sgt i32 %sel_SEBB10, %sel_SEBB3" [MedianFilter/median.cpp:33]   --->   Core 25 'Cmp' <Latency = 0> <II = 1> <Delay = 2.47> <FuncUnit> <Opcode : 'icmp'> <InPorts = 2> <OutPorts = 1>
ST_4 : Operation 70 [1/1] (1.37ns)   --->   "%sel_SEBB12_sel_SEBB = select i1 %tmp_12_2_2, i32 %sel_SEBB3, i32 %sel_SEBB10" [MedianFilter/median.cpp:33]   --->   Core 26 'Sel' <Latency = 0> <II = 1> <Delay = 1.37> <FuncUnit> <Opcode : 'select'> <InPorts = 3> <OutPorts = 1>
ST_4 : Operation 71 [1/1] (1.37ns)   --->   "%sel_SEBB19_sel_SEBB = select i1 %tmp_12_2_2, i32 %sel_SEBB10, i32 %sel_SEBB3" [MedianFilter/median.cpp:33]   --->   Core 26 'Sel' <Latency = 0> <II = 1> <Delay = 1.37> <FuncUnit> <Opcode : 'select'> <InPorts = 3> <OutPorts = 1>
ST_4 : Operation 72 [1/1] (2.47ns)   --->   "%tmp_12_2_3 = icmp sgt i32 %sel_SEBB19_sel_SEBB, %sel_SEBB5" [MedianFilter/median.cpp:33]   --->   Core 25 'Cmp' <Latency = 0> <II = 1> <Delay = 2.47> <FuncUnit> <Opcode : 'icmp'> <InPorts = 2> <OutPorts = 1>
ST_4 : Operation 73 [1/1] (1.37ns)   --->   "%sel_SEBB14_sel_SEBB1 = select i1 %tmp_12_2_3, i32 %sel_SEBB5, i32 %sel_SEBB19_sel_SEBB" [MedianFilter/median.cpp:33]   --->   Core 26 'Sel' <Latency = 0> <II = 1> <Delay = 1.37> <FuncUnit> <Opcode : 'select'> <InPorts = 3> <OutPorts = 1>
ST_4 : Operation 74 [1/1] (1.37ns)   --->   "%sel_SEBB19_sel_SEBB1 = select i1 %tmp_12_2_3, i32 %sel_SEBB19_sel_SEBB, i32 %sel_SEBB5" [MedianFilter/median.cpp:33]   --->   Core 26 'Sel' <Latency = 0> <II = 1> <Delay = 1.37> <FuncUnit> <Opcode : 'select'> <InPorts = 3> <OutPorts = 1>
ST_4 : Operation 75 [1/1] (2.47ns)   --->   "%tmp_12_3 = icmp sgt i32 %sel_SEBB10_read2_r, %sel_SEBB8" [MedianFilter/median.cpp:33]   --->   Core 25 'Cmp' <Latency = 0> <II = 1> <Delay = 2.47> <FuncUnit> <Opcode : 'icmp'> <InPorts = 2> <OutPorts = 1>
ST_4 : Operation 76 [1/1] (1.37ns)   --->   "%sel_SEBB17 = select i1 %tmp_12_3, i32 %sel_SEBB8, i32 %sel_SEBB10_read2_r" [MedianFilter/median.cpp:33]   --->   Core 26 'Sel' <Latency = 0> <II = 1> <Delay = 1.37> <FuncUnit> <Opcode : 'select'> <InPorts = 3> <OutPorts = 1>
ST_4 : Operation 77 [1/1] (1.37ns)   --->   "%sel_SEBB18 = select i1 %tmp_12_3, i32 %sel_SEBB10_read2_r, i32 %sel_SEBB8" [MedianFilter/median.cpp:33]   --->   Core 26 'Sel' <Latency = 0> <II = 1> <Delay = 1.37> <FuncUnit> <Opcode : 'select'> <InPorts = 3> <OutPorts = 1>
ST_4 : Operation 78 [1/1] (2.47ns)   --->   "%tmp_12_3_1 = icmp sgt i32 %sel_SEBB18, %sel_SEBB12_sel_SEBB" [MedianFilter/median.cpp:33]   --->   Core 25 'Cmp' <Latency = 0> <II = 1> <Delay = 2.47> <FuncUnit> <Opcode : 'icmp'> <InPorts = 2> <OutPorts = 1>
ST_4 : Operation 79 [1/1] (1.37ns)   --->   "%sel_SEBB12_sel_SEBB1 = select i1 %tmp_12_3_1, i32 %sel_SEBB12_sel_SEBB, i32 %sel_SEBB18" [MedianFilter/median.cpp:33]   --->   Core 26 'Sel' <Latency = 0> <II = 1> <Delay = 1.37> <FuncUnit> <Opcode : 'select'> <InPorts = 3> <OutPorts = 1>
ST_4 : Operation 80 [1/1] (1.37ns)   --->   "%sel_SEBB27_sel_SEBB1 = select i1 %tmp_12_3_1, i32 %sel_SEBB18, i32 %sel_SEBB12_sel_SEBB" [MedianFilter/median.cpp:33]   --->   Core 26 'Sel' <Latency = 0> <II = 1> <Delay = 1.37> <FuncUnit> <Opcode : 'select'> <InPorts = 3> <OutPorts = 1>

 <State 5> : 7.69ns
ST_5 : Operation 81 [1/1] (2.47ns)   --->   "%tmp_12_1_6 = icmp sgt i32 %sel_SEBB15_sel_SEBB, %p_read8_sel_SEBB9" [MedianFilter/median.cpp:33]   --->   Core 25 'Cmp' <Latency = 0> <II = 1> <Delay = 2.47> <FuncUnit> <Opcode : 'icmp'> <InPorts = 2> <OutPorts = 1>
ST_5 : Operation 82 [1/1] (1.37ns)   --->   "%p_read8_sel_SEBB9_sel = select i1 %tmp_12_1_6, i32 %p_read8_sel_SEBB9, i32 %sel_SEBB15_sel_SEBB" [MedianFilter/median.cpp:33]   --->   Core 26 'Sel' <Latency = 0> <II = 1> <Delay = 1.37> <FuncUnit> <Opcode : 'select'> <InPorts = 3> <OutPorts = 1>
ST_5 : Operation 83 [1/1] (1.37ns)   --->   "%sel_SEBB15_sel_SEBB_s = select i1 %tmp_12_1_6, i32 %sel_SEBB15_sel_SEBB, i32 %p_read8_sel_SEBB9" [MedianFilter/median.cpp:33]   --->   Core 26 'Sel' <Latency = 0> <II = 1> <Delay = 1.37> <FuncUnit> <Opcode : 'select'> <InPorts = 3> <OutPorts = 1>
ST_5 : Operation 84 [1/1] (2.47ns)   --->   "%tmp_12_1_7 = icmp sgt i32 %sel_SEBB15_sel_SEBB_s, %sel_SEBB9_read8" [MedianFilter/median.cpp:33]   --->   Core 25 'Cmp' <Latency = 0> <II = 1> <Delay = 2.47> <FuncUnit> <Opcode : 'icmp'> <InPorts = 2> <OutPorts = 1>
ST_5 : Operation 85 [1/1] (1.37ns)   --->   "%sel_SEBB7 = select i1 %tmp_12_1_7, i32 %sel_SEBB9_read8, i32 %sel_SEBB15_sel_SEBB_s" [MedianFilter/median.cpp:33]   --->   Core 26 'Sel' <Latency = 0> <II = 1> <Delay = 1.37> <FuncUnit> <Opcode : 'select'> <InPorts = 3> <OutPorts = 1>
ST_5 : Operation 86 [1/1] (1.37ns)   --->   "%sel_SEBB17_sel_SEBB9 = select i1 %tmp_12_1_7, i32 %sel_SEBB15_sel_SEBB_s, i32 %sel_SEBB9_read8" [MedianFilter/median.cpp:33]   --->   Core 26 'Sel' <Latency = 0> <II = 1> <Delay = 1.37> <FuncUnit> <Opcode : 'select'> <InPorts = 3> <OutPorts = 1>
ST_5 : Operation 87 [1/1] (2.47ns)   --->   "%tmp_12_2_4 = icmp sgt i32 %sel_SEBB19_sel_SEBB1, %sel_SEBB_sel_SEBB" [MedianFilter/median.cpp:33]   --->   Core 25 'Cmp' <Latency = 0> <II = 1> <Delay = 2.47> <FuncUnit> <Opcode : 'icmp'> <InPorts = 2> <OutPorts = 1>
ST_5 : Operation 88 [1/1] (1.37ns)   --->   "%sel_SEBB11 = select i1 %tmp_12_2_4, i32 %sel_SEBB_sel_SEBB, i32 %sel_SEBB19_sel_SEBB1" [MedianFilter/median.cpp:33]   --->   Core 26 'Sel' <Latency = 0> <II = 1> <Delay = 1.37> <FuncUnit> <Opcode : 'select'> <InPorts = 3> <OutPorts = 1>
ST_5 : Operation 89 [1/1] (1.37ns)   --->   "%sel_SEBB12 = select i1 %tmp_12_2_4, i32 %sel_SEBB19_sel_SEBB1, i32 %sel_SEBB_sel_SEBB" [MedianFilter/median.cpp:33]   --->   Core 26 'Sel' <Latency = 0> <II = 1> <Delay = 1.37> <FuncUnit> <Opcode : 'select'> <InPorts = 3> <OutPorts = 1>
ST_5 : Operation 90 [1/1] (2.47ns)   --->   "%tmp_12_2_5 = icmp sgt i32 %sel_SEBB12, %p_read8_sel_SEBB9_sel" [MedianFilter/median.cpp:33]   --->   Core 25 'Cmp' <Latency = 0> <II = 1> <Delay = 2.47> <FuncUnit> <Opcode : 'icmp'> <InPorts = 2> <OutPorts = 1>
ST_5 : Operation 91 [1/1] (1.37ns)   --->   "%p_read8_sel_SEBB9_sel_1 = select i1 %tmp_12_2_5, i32 %p_read8_sel_SEBB9_sel, i32 %sel_SEBB12" [MedianFilter/median.cpp:33]   --->   Core 26 'Sel' <Latency = 0> <II = 1> <Delay = 1.37> <FuncUnit> <Opcode : 'select'> <InPorts = 3> <OutPorts = 1>
ST_5 : Operation 92 [1/1] (1.37ns)   --->   "%sel_SEBB21_read8_se = select i1 %tmp_12_2_5, i32 %sel_SEBB12, i32 %p_read8_sel_SEBB9_sel" [MedianFilter/median.cpp:33]   --->   Core 26 'Sel' <Latency = 0> <II = 1> <Delay = 1.37> <FuncUnit> <Opcode : 'select'> <InPorts = 3> <OutPorts = 1>
ST_5 : Operation 93 [1/1] (2.47ns)   --->   "%tmp_12_3_2 = icmp sgt i32 %sel_SEBB27_sel_SEBB1, %sel_SEBB14_sel_SEBB1" [MedianFilter/median.cpp:33]   --->   Core 25 'Cmp' <Latency = 0> <II = 1> <Delay = 2.47> <FuncUnit> <Opcode : 'icmp'> <InPorts = 2> <OutPorts = 1>
ST_5 : Operation 94 [1/1] (1.37ns)   --->   "%sel_SEBB19 = select i1 %tmp_12_3_2, i32 %sel_SEBB14_sel_SEBB1, i32 %sel_SEBB27_sel_SEBB1" [MedianFilter/median.cpp:33]   --->   Core 26 'Sel' <Latency = 0> <II = 1> <Delay = 1.37> <FuncUnit> <Opcode : 'select'> <InPorts = 3> <OutPorts = 1>
ST_5 : Operation 95 [1/1] (1.37ns)   --->   "%sel_SEBB20 = select i1 %tmp_12_3_2, i32 %sel_SEBB27_sel_SEBB1, i32 %sel_SEBB14_sel_SEBB1" [MedianFilter/median.cpp:33]   --->   Core 26 'Sel' <Latency = 0> <II = 1> <Delay = 1.37> <FuncUnit> <Opcode : 'select'> <InPorts = 3> <OutPorts = 1>
ST_5 : Operation 96 [1/1] (2.47ns)   --->   "%tmp_12_3_3 = icmp sgt i32 %sel_SEBB20, %sel_SEBB11" [MedianFilter/median.cpp:33]   --->   Core 25 'Cmp' <Latency = 0> <II = 1> <Delay = 2.47> <FuncUnit> <Opcode : 'icmp'> <InPorts = 2> <OutPorts = 1>
ST_5 : Operation 97 [1/1] (1.37ns)   --->   "%sel_SEBB20_sel_SEBB = select i1 %tmp_12_3_3, i32 %sel_SEBB11, i32 %sel_SEBB20" [MedianFilter/median.cpp:33]   --->   Core 26 'Sel' <Latency = 0> <II = 1> <Delay = 1.37> <FuncUnit> <Opcode : 'select'> <InPorts = 3> <OutPorts = 1>
ST_5 : Operation 98 [1/1] (1.37ns)   --->   "%sel_SEBB29_sel_SEBB = select i1 %tmp_12_3_3, i32 %sel_SEBB20, i32 %sel_SEBB11" [MedianFilter/median.cpp:33]   --->   Core 26 'Sel' <Latency = 0> <II = 1> <Delay = 1.37> <FuncUnit> <Opcode : 'select'> <InPorts = 3> <OutPorts = 1>
ST_5 : Operation 99 [1/1] (2.47ns)   --->   "%tmp_12_4 = icmp sgt i32 %sel_SEBB17, %sel_SEBB12_sel_SEBB1" [MedianFilter/median.cpp:33]   --->   Core 25 'Cmp' <Latency = 0> <II = 1> <Delay = 2.47> <FuncUnit> <Opcode : 'icmp'> <InPorts = 2> <OutPorts = 1>
ST_5 : Operation 100 [1/1] (1.37ns)   --->   "%sel_SEBB12_sel_SEBB1_1 = select i1 %tmp_12_4, i32 %sel_SEBB12_sel_SEBB1, i32 %sel_SEBB17" [MedianFilter/median.cpp:33]   --->   Core 26 'Sel' <Latency = 0> <II = 1> <Delay = 1.37> <FuncUnit> <Opcode : 'select'> <InPorts = 3> <OutPorts = 1>
ST_5 : Operation 101 [1/1] (1.37ns)   --->   "%sel_SEBB26_sel_SEBB1 = select i1 %tmp_12_4, i32 %sel_SEBB17, i32 %sel_SEBB12_sel_SEBB1" [MedianFilter/median.cpp:33]   --->   Core 26 'Sel' <Latency = 0> <II = 1> <Delay = 1.37> <FuncUnit> <Opcode : 'select'> <InPorts = 3> <OutPorts = 1>
ST_5 : Operation 102 [1/1] (2.47ns)   --->   "%tmp_12_4_1 = icmp sgt i32 %sel_SEBB26_sel_SEBB1, %sel_SEBB19" [MedianFilter/median.cpp:33]   --->   Core 25 'Cmp' <Latency = 0> <II = 1> <Delay = 2.47> <FuncUnit> <Opcode : 'icmp'> <InPorts = 2> <OutPorts = 1>
ST_5 : Operation 103 [1/1] (1.37ns)   --->   "%sel_SEBB25 = select i1 %tmp_12_4_1, i32 %sel_SEBB19, i32 %sel_SEBB26_sel_SEBB1" [MedianFilter/median.cpp:33]   --->   Core 26 'Sel' <Latency = 0> <II = 1> <Delay = 1.37> <FuncUnit> <Opcode : 'select'> <InPorts = 3> <OutPorts = 1>
ST_5 : Operation 104 [1/1] (1.37ns)   --->   "%sel_SEBB26 = select i1 %tmp_12_4_1, i32 %sel_SEBB26_sel_SEBB1, i32 %sel_SEBB19" [MedianFilter/median.cpp:33]   --->   Core 26 'Sel' <Latency = 0> <II = 1> <Delay = 1.37> <FuncUnit> <Opcode : 'select'> <InPorts = 3> <OutPorts = 1>

 <State 6> : 7.69ns
ST_6 : Operation 105 [1/1] (2.47ns)   --->   "%tmp_12_2_6 = icmp sgt i32 %sel_SEBB21_read8_se, %sel_SEBB7" [MedianFilter/median.cpp:33]   --->   Core 25 'Cmp' <Latency = 0> <II = 1> <Delay = 2.47> <FuncUnit> <Opcode : 'icmp'> <InPorts = 2> <OutPorts = 1>
ST_6 : Operation 106 [1/1] (1.37ns)   --->   "%sel_SEBB13 = select i1 %tmp_12_2_6, i32 %sel_SEBB7, i32 %sel_SEBB21_read8_se" [MedianFilter/median.cpp:33]   --->   Core 26 'Sel' <Latency = 0> <II = 1> <Delay = 1.37> <FuncUnit> <Opcode : 'select'> <InPorts = 3> <OutPorts = 1>
ST_6 : Operation 107 [1/1] (1.37ns)   --->   "%sel_SEBB14 = select i1 %tmp_12_2_6, i32 %sel_SEBB21_read8_se, i32 %sel_SEBB7" [MedianFilter/median.cpp:33]   --->   Core 26 'Sel' <Latency = 0> <II = 1> <Delay = 1.37> <FuncUnit> <Opcode : 'select'> <InPorts = 3> <OutPorts = 1>
ST_6 : Operation 108 [1/1] (2.47ns)   --->   "%tmp_12_2_7 = icmp sgt i32 %sel_SEBB14, %sel_SEBB9_read8" [MedianFilter/median.cpp:33]   --->   Core 25 'Cmp' <Latency = 0> <II = 1> <Delay = 2.47> <FuncUnit> <Opcode : 'icmp'> <InPorts = 2> <OutPorts = 1>
ST_6 : Operation 109 [1/1] (1.37ns)   --->   "%sel_SEBB9_read8_sel = select i1 %tmp_12_2_7, i32 %sel_SEBB9_read8, i32 %sel_SEBB14" [MedianFilter/median.cpp:33]   --->   Core 26 'Sel' <Latency = 0> <II = 1> <Delay = 1.37> <FuncUnit> <Opcode : 'select'> <InPorts = 3> <OutPorts = 1>
ST_6 : Operation 110 [1/1] (1.37ns)   --->   "%sel_SEBB23_sel_SEBB9 = select i1 %tmp_12_2_7, i32 %sel_SEBB14, i32 %sel_SEBB9_read8" [MedianFilter/median.cpp:33]   --->   Core 26 'Sel' <Latency = 0> <II = 1> <Delay = 1.37> <FuncUnit> <Opcode : 'select'> <InPorts = 3> <OutPorts = 1>
ST_6 : Operation 111 [1/1] (2.47ns)   --->   "%tmp_12_3_4 = icmp sgt i32 %sel_SEBB29_sel_SEBB, %p_read8_sel_SEBB9_sel_1" [MedianFilter/median.cpp:33]   --->   Core 25 'Cmp' <Latency = 0> <II = 1> <Delay = 2.47> <FuncUnit> <Opcode : 'icmp'> <InPorts = 2> <OutPorts = 1>
ST_6 : Operation 112 [1/1] (1.37ns)   --->   "%sel_SEBB21 = select i1 %tmp_12_3_4, i32 %p_read8_sel_SEBB9_sel_1, i32 %sel_SEBB29_sel_SEBB" [MedianFilter/median.cpp:33]   --->   Core 26 'Sel' <Latency = 0> <II = 1> <Delay = 1.37> <FuncUnit> <Opcode : 'select'> <InPorts = 3> <OutPorts = 1>
ST_6 : Operation 113 [1/1] (1.37ns)   --->   "%sel_SEBB22 = select i1 %tmp_12_3_4, i32 %sel_SEBB29_sel_SEBB, i32 %p_read8_sel_SEBB9_sel_1" [MedianFilter/median.cpp:33]   --->   Core 26 'Sel' <Latency = 0> <II = 1> <Delay = 1.37> <FuncUnit> <Opcode : 'select'> <InPorts = 3> <OutPorts = 1>
ST_6 : Operation 114 [1/1] (2.47ns)   --->   "%tmp_12_3_5 = icmp sgt i32 %sel_SEBB22, %sel_SEBB13" [MedianFilter/median.cpp:33]   --->   Core 25 'Cmp' <Latency = 0> <II = 1> <Delay = 2.47> <FuncUnit> <Opcode : 'icmp'> <InPorts = 2> <OutPorts = 1>
ST_6 : Operation 115 [1/1] (1.37ns)   --->   "%sel_SEBB22_sel_SEBB = select i1 %tmp_12_3_5, i32 %sel_SEBB13, i32 %sel_SEBB22" [MedianFilter/median.cpp:33]   --->   Core 26 'Sel' <Latency = 0> <II = 1> <Delay = 1.37> <FuncUnit> <Opcode : 'select'> <InPorts = 3> <OutPorts = 1>
ST_6 : Operation 116 [1/1] (1.37ns)   --->   "%sel_SEBB31_sel_SEBB = select i1 %tmp_12_3_5, i32 %sel_SEBB22, i32 %sel_SEBB13" [MedianFilter/median.cpp:33]   --->   Core 26 'Sel' <Latency = 0> <II = 1> <Delay = 1.37> <FuncUnit> <Opcode : 'select'> <InPorts = 3> <OutPorts = 1>
ST_6 : Operation 117 [1/1] (2.47ns)   --->   "%tmp_12_4_2 = icmp sgt i32 %sel_SEBB26, %sel_SEBB20_sel_SEBB" [MedianFilter/median.cpp:33]   --->   Core 25 'Cmp' <Latency = 0> <II = 1> <Delay = 2.47> <FuncUnit> <Opcode : 'icmp'> <InPorts = 2> <OutPorts = 1>
ST_6 : Operation 118 [1/1] (1.37ns)   --->   "%sel_SEBB20_sel_SEBB2 = select i1 %tmp_12_4_2, i32 %sel_SEBB20_sel_SEBB, i32 %sel_SEBB26" [MedianFilter/median.cpp:33]   --->   Core 26 'Sel' <Latency = 0> <II = 1> <Delay = 1.37> <FuncUnit> <Opcode : 'select'> <InPorts = 3> <OutPorts = 1>
ST_6 : Operation 119 [1/1] (1.37ns)   --->   "%sel_SEBB35_sel_SEBB2 = select i1 %tmp_12_4_2, i32 %sel_SEBB26, i32 %sel_SEBB20_sel_SEBB" [MedianFilter/median.cpp:33]   --->   Core 26 'Sel' <Latency = 0> <II = 1> <Delay = 1.37> <FuncUnit> <Opcode : 'select'> <InPorts = 3> <OutPorts = 1>
ST_6 : Operation 120 [1/1] (2.47ns)   --->   "%tmp_12_4_3 = icmp sgt i32 %sel_SEBB35_sel_SEBB2, %sel_SEBB21" [MedianFilter/median.cpp:33]   --->   Core 25 'Cmp' <Latency = 0> <II = 1> <Delay = 2.47> <FuncUnit> <Opcode : 'icmp'> <InPorts = 2> <OutPorts = 1>
ST_6 : Operation 121 [1/1] (1.37ns)   --->   "%sel_SEBB30_sel_SEBB3 = select i1 %tmp_12_4_3, i32 %sel_SEBB21, i32 %sel_SEBB35_sel_SEBB2" [MedianFilter/median.cpp:33]   --->   Core 26 'Sel' <Latency = 0> <II = 1> <Delay = 1.37> <FuncUnit> <Opcode : 'select'> <InPorts = 3> <OutPorts = 1>
ST_6 : Operation 122 [1/1] (1.37ns)   --->   "%sel_SEBB35_sel_SEBB2_1 = select i1 %tmp_12_4_3, i32 %sel_SEBB35_sel_SEBB2, i32 %sel_SEBB21" [MedianFilter/median.cpp:33]   --->   Core 26 'Sel' <Latency = 0> <II = 1> <Delay = 1.37> <FuncUnit> <Opcode : 'select'> <InPorts = 3> <OutPorts = 1>
ST_6 : Operation 123 [1/1] (2.47ns)   --->   "%tmp_12_5 = icmp sgt i32 %sel_SEBB12_sel_SEBB1_1, %sel_SEBB25" [MedianFilter/median.cpp:33]   --->   Core 25 'Cmp' <Latency = 0> <II = 1> <Delay = 2.47> <FuncUnit> <Opcode : 'icmp'> <InPorts = 2> <OutPorts = 1>
ST_6 : Operation 124 [1/1] (1.37ns)   --->   "%sel_SEBB31 = select i1 %tmp_12_5, i32 %sel_SEBB25, i32 %sel_SEBB12_sel_SEBB1_1" [MedianFilter/median.cpp:33]   --->   Core 26 'Sel' <Latency = 0> <II = 1> <Delay = 1.37> <FuncUnit> <Opcode : 'select'> <InPorts = 3> <OutPorts = 1>
ST_6 : Operation 125 [1/1] (1.37ns)   --->   "%sel_SEBB32 = select i1 %tmp_12_5, i32 %sel_SEBB12_sel_SEBB1_1, i32 %sel_SEBB25" [MedianFilter/median.cpp:33]   --->   Core 26 'Sel' <Latency = 0> <II = 1> <Delay = 1.37> <FuncUnit> <Opcode : 'select'> <InPorts = 3> <OutPorts = 1>
ST_6 : Operation 126 [1/1] (2.47ns)   --->   "%tmp_12_5_1 = icmp sgt i32 %sel_SEBB32, %sel_SEBB20_sel_SEBB2" [MedianFilter/median.cpp:33]   --->   Core 25 'Cmp' <Latency = 0> <II = 1> <Delay = 2.47> <FuncUnit> <Opcode : 'icmp'> <InPorts = 2> <OutPorts = 1>
ST_6 : Operation 127 [1/1] (1.37ns)   --->   "%sel_SEBB20_sel_SEBB2_1 = select i1 %tmp_12_5_1, i32 %sel_SEBB20_sel_SEBB2, i32 %sel_SEBB32" [MedianFilter/median.cpp:33]   --->   Core 26 'Sel' <Latency = 0> <II = 1> <Delay = 1.37> <FuncUnit> <Opcode : 'select'> <InPorts = 3> <OutPorts = 1>
ST_6 : Operation 128 [1/1] (1.37ns)   --->   "%sel_SEBB41_sel_SEBB2 = select i1 %tmp_12_5_1, i32 %sel_SEBB32, i32 %sel_SEBB20_sel_SEBB2" [MedianFilter/median.cpp:33]   --->   Core 26 'Sel' <Latency = 0> <II = 1> <Delay = 1.37> <FuncUnit> <Opcode : 'select'> <InPorts = 3> <OutPorts = 1>

 <State 7> : 7.69ns
ST_7 : Operation 129 [1/1] (2.47ns)   --->   "%tmp_12_2_8 = icmp sgt i32 %sel_SEBB23_sel_SEBB9, %sel_SEBB17_sel_SEBB9" [MedianFilter/median.cpp:33]   --->   Core 25 'Cmp' <Latency = 0> <II = 1> <Delay = 2.47> <FuncUnit> <Opcode : 'icmp'> <InPorts = 2> <OutPorts = 1>
ST_7 : Operation 130 [1/1] (1.37ns)   --->   "%sel_SEBB15 = select i1 %tmp_12_2_8, i32 %sel_SEBB23_sel_SEBB9, i32 %sel_SEBB17_sel_SEBB9" [MedianFilter/median.cpp:33]   --->   Core 26 'Sel' <Latency = 0> <II = 1> <Delay = 1.37> <FuncUnit> <Opcode : 'select'> <InPorts = 3> <OutPorts = 1>
ST_7 : Operation 131 [1/1] (1.37ns)   --->   "%sel_SEBB16 = select i1 %tmp_12_2_8, i32 %sel_SEBB17_sel_SEBB9, i32 %sel_SEBB23_sel_SEBB9" [MedianFilter/median.cpp:33]   --->   Core 26 'Sel' <Latency = 0> <II = 1> <Delay = 1.37> <FuncUnit> <Opcode : 'select'> <InPorts = 3> <OutPorts = 1>
ST_7 : Operation 132 [1/1] (2.47ns)   --->   "%tmp_12_3_6 = icmp sgt i32 %sel_SEBB31_sel_SEBB, %sel_SEBB9_read8_sel" [MedianFilter/median.cpp:33]   --->   Core 25 'Cmp' <Latency = 0> <II = 1> <Delay = 2.47> <FuncUnit> <Opcode : 'icmp'> <InPorts = 2> <OutPorts = 1>
ST_7 : Operation 133 [1/1] (1.37ns)   --->   "%sel_SEBB23 = select i1 %tmp_12_3_6, i32 %sel_SEBB9_read8_sel, i32 %sel_SEBB31_sel_SEBB" [MedianFilter/median.cpp:33]   --->   Core 26 'Sel' <Latency = 0> <II = 1> <Delay = 1.37> <FuncUnit> <Opcode : 'select'> <InPorts = 3> <OutPorts = 1>
ST_7 : Operation 134 [1/1] (1.37ns)   --->   "%sel_SEBB24 = select i1 %tmp_12_3_6, i32 %sel_SEBB31_sel_SEBB, i32 %sel_SEBB9_read8_sel" [MedianFilter/median.cpp:33]   --->   Core 26 'Sel' <Latency = 0> <II = 1> <Delay = 1.37> <FuncUnit> <Opcode : 'select'> <InPorts = 3> <OutPorts = 1>
ST_7 : Operation 135 [1/1] (2.47ns)   --->   "%tmp_12_3_7 = icmp sgt i32 %sel_SEBB24, %sel_SEBB16" [MedianFilter/median.cpp:33]   --->   Core 25 'Cmp' <Latency = 0> <II = 1> <Delay = 2.47> <FuncUnit> <Opcode : 'icmp'> <InPorts = 2> <OutPorts = 1>
ST_7 : Operation 136 [1/1] (1.37ns)   --->   "%sel_SEBB25_sel_SEBB = select i1 %tmp_12_3_7, i32 %sel_SEBB16, i32 %sel_SEBB24" [MedianFilter/median.cpp:33]   --->   Core 26 'Sel' <Latency = 0> <II = 1> <Delay = 1.37> <FuncUnit> <Opcode : 'select'> <InPorts = 3> <OutPorts = 1>
ST_7 : Operation 137 [1/1] (1.37ns)   --->   "%sel_SEBB33_sel_SEBB = select i1 %tmp_12_3_7, i32 %sel_SEBB24, i32 %sel_SEBB16" [MedianFilter/median.cpp:33]   --->   Core 26 'Sel' <Latency = 0> <II = 1> <Delay = 1.37> <FuncUnit> <Opcode : 'select'> <InPorts = 3> <OutPorts = 1>
ST_7 : Operation 138 [1/1] (2.47ns)   --->   "%tmp_12_4_4 = icmp sgt i32 %sel_SEBB35_sel_SEBB2_1, %sel_SEBB22_sel_SEBB" [MedianFilter/median.cpp:33]   --->   Core 25 'Cmp' <Latency = 0> <II = 1> <Delay = 2.47> <FuncUnit> <Opcode : 'icmp'> <InPorts = 2> <OutPorts = 1>
ST_7 : Operation 139 [1/1] (1.37ns)   --->   "%sel_SEBB27 = select i1 %tmp_12_4_4, i32 %sel_SEBB22_sel_SEBB, i32 %sel_SEBB35_sel_SEBB2_1" [MedianFilter/median.cpp:33]   --->   Core 26 'Sel' <Latency = 0> <II = 1> <Delay = 1.37> <FuncUnit> <Opcode : 'select'> <InPorts = 3> <OutPorts = 1>
ST_7 : Operation 140 [1/1] (1.37ns)   --->   "%sel_SEBB28 = select i1 %tmp_12_4_4, i32 %sel_SEBB35_sel_SEBB2_1, i32 %sel_SEBB22_sel_SEBB" [MedianFilter/median.cpp:33]   --->   Core 26 'Sel' <Latency = 0> <II = 1> <Delay = 1.37> <FuncUnit> <Opcode : 'select'> <InPorts = 3> <OutPorts = 1>
ST_7 : Operation 141 [1/1] (2.47ns)   --->   "%tmp_12_4_5 = icmp sgt i32 %sel_SEBB28, %sel_SEBB23" [MedianFilter/median.cpp:33]   --->   Core 25 'Cmp' <Latency = 0> <II = 1> <Delay = 2.47> <FuncUnit> <Opcode : 'icmp'> <InPorts = 2> <OutPorts = 1>
ST_7 : Operation 142 [1/1] (1.37ns)   --->   "%sel_SEBB32_sel_SEBB = select i1 %tmp_12_4_5, i32 %sel_SEBB23, i32 %sel_SEBB28" [MedianFilter/median.cpp:33]   --->   Core 26 'Sel' <Latency = 0> <II = 1> <Delay = 1.37> <FuncUnit> <Opcode : 'select'> <InPorts = 3> <OutPorts = 1>
ST_7 : Operation 143 [1/1] (1.37ns)   --->   "%sel_SEBB37_sel_SEBB = select i1 %tmp_12_4_5, i32 %sel_SEBB28, i32 %sel_SEBB23" [MedianFilter/median.cpp:33]   --->   Core 26 'Sel' <Latency = 0> <II = 1> <Delay = 1.37> <FuncUnit> <Opcode : 'select'> <InPorts = 3> <OutPorts = 1>
ST_7 : Operation 144 [1/1] (2.47ns)   --->   "%tmp_12_5_2 = icmp sgt i32 %sel_SEBB41_sel_SEBB2, %sel_SEBB30_sel_SEBB3" [MedianFilter/median.cpp:33]   --->   Core 25 'Cmp' <Latency = 0> <II = 1> <Delay = 2.47> <FuncUnit> <Opcode : 'icmp'> <InPorts = 2> <OutPorts = 1>
ST_7 : Operation 145 [1/1] (1.37ns)   --->   "%sel_SEBB33 = select i1 %tmp_12_5_2, i32 %sel_SEBB30_sel_SEBB3, i32 %sel_SEBB41_sel_SEBB2" [MedianFilter/median.cpp:33]   --->   Core 26 'Sel' <Latency = 0> <II = 1> <Delay = 1.37> <FuncUnit> <Opcode : 'select'> <InPorts = 3> <OutPorts = 1>
ST_7 : Operation 146 [1/1] (1.37ns)   --->   "%sel_SEBB34 = select i1 %tmp_12_5_2, i32 %sel_SEBB41_sel_SEBB2, i32 %sel_SEBB30_sel_SEBB3" [MedianFilter/median.cpp:33]   --->   Core 26 'Sel' <Latency = 0> <II = 1> <Delay = 1.37> <FuncUnit> <Opcode : 'select'> <InPorts = 3> <OutPorts = 1>
ST_7 : Operation 147 [1/1] (2.47ns)   --->   "%tmp_12_5_3 = icmp sgt i32 %sel_SEBB34, %sel_SEBB27" [MedianFilter/median.cpp:33]   --->   Core 25 'Cmp' <Latency = 0> <II = 1> <Delay = 2.47> <FuncUnit> <Opcode : 'icmp'> <InPorts = 2> <OutPorts = 1>
ST_7 : Operation 148 [1/1] (1.37ns)   --->   "%sel_SEBB36_sel_SEBB = select i1 %tmp_12_5_3, i32 %sel_SEBB27, i32 %sel_SEBB34" [MedianFilter/median.cpp:33]   --->   Core 26 'Sel' <Latency = 0> <II = 1> <Delay = 1.37> <FuncUnit> <Opcode : 'select'> <InPorts = 3> <OutPorts = 1>
ST_7 : Operation 149 [1/1] (1.37ns)   --->   "%sel_SEBB43_sel_SEBB = select i1 %tmp_12_5_3, i32 %sel_SEBB34, i32 %sel_SEBB27" [MedianFilter/median.cpp:33]   --->   Core 26 'Sel' <Latency = 0> <II = 1> <Delay = 1.37> <FuncUnit> <Opcode : 'select'> <InPorts = 3> <OutPorts = 1>
ST_7 : Operation 150 [1/1] (2.47ns)   --->   "%tmp_12_6 = icmp sgt i32 %sel_SEBB31, %sel_SEBB20_sel_SEBB2_1" [MedianFilter/median.cpp:33]   --->   Core 25 'Cmp' <Latency = 0> <II = 1> <Delay = 2.47> <FuncUnit> <Opcode : 'icmp'> <InPorts = 2> <OutPorts = 1>
ST_7 : Operation 151 [1/1] (1.37ns)   --->   "%sel_SEBB38 = select i1 %tmp_12_6, i32 %sel_SEBB20_sel_SEBB2_1, i32 %sel_SEBB31" [MedianFilter/median.cpp:33]   --->   Core 26 'Sel' <Latency = 0> <II = 1> <Delay = 1.37> <FuncUnit> <Opcode : 'select'> <InPorts = 3> <OutPorts = 1>
ST_7 : Operation 152 [1/1] (1.37ns)   --->   "%sel_SEBB39 = select i1 %tmp_12_6, i32 %sel_SEBB31, i32 %sel_SEBB20_sel_SEBB2_1" [MedianFilter/median.cpp:33]   --->   Core 26 'Sel' <Latency = 0> <II = 1> <Delay = 1.37> <FuncUnit> <Opcode : 'select'> <InPorts = 3> <OutPorts = 1>
ST_7 : Operation 153 [1/1] (2.47ns)   --->   "%tmp_12_6_1 = icmp sgt i32 %sel_SEBB39, %sel_SEBB33" [MedianFilter/median.cpp:33]   --->   Core 25 'Cmp' <Latency = 0> <II = 1> <Delay = 2.47> <FuncUnit> <Opcode : 'icmp'> <InPorts = 2> <OutPorts = 1>
ST_7 : Operation 154 [1/1] (1.37ns)   --->   "%sel_SEBB42_sel_SEBB = select i1 %tmp_12_6_1, i32 %sel_SEBB33, i32 %sel_SEBB39" [MedianFilter/median.cpp:33]   --->   Core 26 'Sel' <Latency = 0> <II = 1> <Delay = 1.37> <FuncUnit> <Opcode : 'select'> <InPorts = 3> <OutPorts = 1>
ST_7 : Operation 155 [1/1] (1.37ns)   --->   "%sel_SEBB51_sel_SEBB = select i1 %tmp_12_6_1, i32 %sel_SEBB39, i32 %sel_SEBB33" [MedianFilter/median.cpp:33]   --->   Core 26 'Sel' <Latency = 0> <II = 1> <Delay = 1.37> <FuncUnit> <Opcode : 'select'> <InPorts = 3> <OutPorts = 1>

 <State 8> : 7.69ns
ST_8 : Operation 156 [1/1] (2.47ns)   --->   "%tmp_12_3_8 = icmp sgt i32 %sel_SEBB33_sel_SEBB, %sel_SEBB15" [MedianFilter/median.cpp:33]   --->   Core 25 'Cmp' <Latency = 0> <II = 1> <Delay = 2.47> <FuncUnit> <Opcode : 'icmp'> <InPorts = 2> <OutPorts = 1>
ST_8 : Operation 157 [1/1] (1.37ns)   --->   "%sel_SEBB33_sel_SEBB2 = select i1 %tmp_12_3_8, i32 %sel_SEBB33_sel_SEBB, i32 %sel_SEBB15" [MedianFilter/median.cpp:33]   --->   Core 26 'Sel' <Latency = 0> <II = 1> <Delay = 1.37> <FuncUnit> <Opcode : 'select'> <InPorts = 3> <OutPorts = 1>
ST_8 : Operation 158 [1/1] (1.37ns)   --->   "%sel_SEBB24_sel_SEBB3 = select i1 %tmp_12_3_8, i32 %sel_SEBB15, i32 %sel_SEBB33_sel_SEBB" [MedianFilter/median.cpp:33]   --->   Core 26 'Sel' <Latency = 0> <II = 1> <Delay = 1.37> <FuncUnit> <Opcode : 'select'> <InPorts = 3> <OutPorts = 1>
ST_8 : Operation 159 [1/1] (2.47ns)   --->   "%tmp_12_4_6 = icmp sgt i32 %sel_SEBB37_sel_SEBB, %sel_SEBB25_sel_SEBB" [MedianFilter/median.cpp:33]   --->   Core 25 'Cmp' <Latency = 0> <II = 1> <Delay = 2.47> <FuncUnit> <Opcode : 'icmp'> <InPorts = 2> <OutPorts = 1>
ST_8 : Operation 160 [1/1] (1.37ns)   --->   "%sel_SEBB25_sel_SEBB3 = select i1 %tmp_12_4_6, i32 %sel_SEBB25_sel_SEBB, i32 %sel_SEBB37_sel_SEBB" [MedianFilter/median.cpp:33]   --->   Core 26 'Sel' <Latency = 0> <II = 1> <Delay = 1.37> <FuncUnit> <Opcode : 'select'> <InPorts = 3> <OutPorts = 1>
ST_8 : Operation 161 [1/1] (1.37ns)   --->   "%sel_SEBB37_sel_SEBB3 = select i1 %tmp_12_4_6, i32 %sel_SEBB37_sel_SEBB, i32 %sel_SEBB25_sel_SEBB" [MedianFilter/median.cpp:33]   --->   Core 26 'Sel' <Latency = 0> <II = 1> <Delay = 1.37> <FuncUnit> <Opcode : 'select'> <InPorts = 3> <OutPorts = 1>
ST_8 : Operation 162 [1/1] (2.47ns)   --->   "%tmp_12_4_7 = icmp sgt i32 %sel_SEBB37_sel_SEBB3, %sel_SEBB24_sel_SEBB3" [MedianFilter/median.cpp:33]   --->   Core 25 'Cmp' <Latency = 0> <II = 1> <Delay = 2.47> <FuncUnit> <Opcode : 'icmp'> <InPorts = 2> <OutPorts = 1>
ST_8 : Operation 163 [1/1] (1.37ns)   --->   "%sel_SEBB29 = select i1 %tmp_12_4_7, i32 %sel_SEBB24_sel_SEBB3, i32 %sel_SEBB37_sel_SEBB3" [MedianFilter/median.cpp:33]   --->   Core 26 'Sel' <Latency = 0> <II = 1> <Delay = 1.37> <FuncUnit> <Opcode : 'select'> <InPorts = 3> <OutPorts = 1>
ST_8 : Operation 164 [1/1] (1.37ns)   --->   "%sel_SEBB30 = select i1 %tmp_12_4_7, i32 %sel_SEBB37_sel_SEBB3, i32 %sel_SEBB24_sel_SEBB3" [MedianFilter/median.cpp:33]   --->   Core 26 'Sel' <Latency = 0> <II = 1> <Delay = 1.37> <FuncUnit> <Opcode : 'select'> <InPorts = 3> <OutPorts = 1>
ST_8 : Operation 165 [1/1] (2.47ns)   --->   "%tmp_12_5_4 = icmp sgt i32 %sel_SEBB43_sel_SEBB, %sel_SEBB32_sel_SEBB" [MedianFilter/median.cpp:33]   --->   Core 25 'Cmp' <Latency = 0> <II = 1> <Delay = 2.47> <FuncUnit> <Opcode : 'icmp'> <InPorts = 2> <OutPorts = 1>
ST_8 : Operation 166 [1/1] (1.37ns)   --->   "%sel_SEBB32_sel_SEBB3 = select i1 %tmp_12_5_4, i32 %sel_SEBB32_sel_SEBB, i32 %sel_SEBB43_sel_SEBB" [MedianFilter/median.cpp:33]   --->   Core 26 'Sel' <Latency = 0> <II = 1> <Delay = 1.37> <FuncUnit> <Opcode : 'select'> <InPorts = 3> <OutPorts = 1>
ST_8 : Operation 167 [1/1] (1.37ns)   --->   "%sel_SEBB43_sel_SEBB3 = select i1 %tmp_12_5_4, i32 %sel_SEBB43_sel_SEBB, i32 %sel_SEBB32_sel_SEBB" [MedianFilter/median.cpp:33]   --->   Core 26 'Sel' <Latency = 0> <II = 1> <Delay = 1.37> <FuncUnit> <Opcode : 'select'> <InPorts = 3> <OutPorts = 1>
ST_8 : Operation 168 [1/1] (2.47ns)   --->   "%tmp_12_5_5 = icmp sgt i32 %sel_SEBB43_sel_SEBB3, %sel_SEBB25_sel_SEBB3" [MedianFilter/median.cpp:33]   --->   Core 25 'Cmp' <Latency = 0> <II = 1> <Delay = 2.47> <FuncUnit> <Opcode : 'icmp'> <InPorts = 2> <OutPorts = 1>
ST_8 : Operation 169 [1/1] (1.37ns)   --->   "%sel_SEBB35 = select i1 %tmp_12_5_5, i32 %sel_SEBB25_sel_SEBB3, i32 %sel_SEBB43_sel_SEBB3" [MedianFilter/median.cpp:33]   --->   Core 26 'Sel' <Latency = 0> <II = 1> <Delay = 1.37> <FuncUnit> <Opcode : 'select'> <InPorts = 3> <OutPorts = 1>
ST_8 : Operation 170 [1/1] (1.37ns)   --->   "%sel_SEBB36 = select i1 %tmp_12_5_5, i32 %sel_SEBB43_sel_SEBB3, i32 %sel_SEBB25_sel_SEBB3" [MedianFilter/median.cpp:33]   --->   Core 26 'Sel' <Latency = 0> <II = 1> <Delay = 1.37> <FuncUnit> <Opcode : 'select'> <InPorts = 3> <OutPorts = 1>
ST_8 : Operation 171 [1/1] (2.47ns)   --->   "%tmp_12_6_2 = icmp sgt i32 %sel_SEBB51_sel_SEBB, %sel_SEBB36_sel_SEBB" [MedianFilter/median.cpp:33]   --->   Core 25 'Cmp' <Latency = 0> <II = 1> <Delay = 2.47> <FuncUnit> <Opcode : 'icmp'> <InPorts = 2> <OutPorts = 1>
ST_8 : Operation 172 [1/1] (1.37ns)   --->   "%sel_SEBB36_sel_SEBB4 = select i1 %tmp_12_6_2, i32 %sel_SEBB36_sel_SEBB, i32 %sel_SEBB51_sel_SEBB" [MedianFilter/median.cpp:33]   --->   Core 26 'Sel' <Latency = 0> <II = 1> <Delay = 1.37> <FuncUnit> <Opcode : 'select'> <InPorts = 3> <OutPorts = 1>
ST_8 : Operation 173 [1/1] (1.37ns)   --->   "%sel_SEBB51_sel_SEBB4 = select i1 %tmp_12_6_2, i32 %sel_SEBB51_sel_SEBB, i32 %sel_SEBB36_sel_SEBB" [MedianFilter/median.cpp:33]   --->   Core 26 'Sel' <Latency = 0> <II = 1> <Delay = 1.37> <FuncUnit> <Opcode : 'select'> <InPorts = 3> <OutPorts = 1>
ST_8 : Operation 174 [1/1] (2.47ns)   --->   "%tmp_12_6_3 = icmp sgt i32 %sel_SEBB51_sel_SEBB4, %sel_SEBB32_sel_SEBB3" [MedianFilter/median.cpp:33]   --->   Core 25 'Cmp' <Latency = 0> <II = 1> <Delay = 2.47> <FuncUnit> <Opcode : 'icmp'> <InPorts = 2> <OutPorts = 1>
ST_8 : Operation 175 [1/1] (1.37ns)   --->   "%sel_SEBB40 = select i1 %tmp_12_6_3, i32 %sel_SEBB32_sel_SEBB3, i32 %sel_SEBB51_sel_SEBB4" [MedianFilter/median.cpp:33]   --->   Core 26 'Sel' <Latency = 0> <II = 1> <Delay = 1.37> <FuncUnit> <Opcode : 'select'> <InPorts = 3> <OutPorts = 1>
ST_8 : Operation 176 [1/1] (1.37ns)   --->   "%sel_SEBB41 = select i1 %tmp_12_6_3, i32 %sel_SEBB51_sel_SEBB4, i32 %sel_SEBB32_sel_SEBB3" [MedianFilter/median.cpp:33]   --->   Core 26 'Sel' <Latency = 0> <II = 1> <Delay = 1.37> <FuncUnit> <Opcode : 'select'> <InPorts = 3> <OutPorts = 1>
ST_8 : Operation 177 [1/1] (2.47ns)   --->   "%tmp_12_7 = icmp sgt i32 %sel_SEBB38, %sel_SEBB42_sel_SEBB" [MedianFilter/median.cpp:33]   --->   Core 25 'Cmp' <Latency = 0> <II = 1> <Delay = 2.47> <FuncUnit> <Opcode : 'icmp'> <InPorts = 2> <OutPorts = 1>
ST_8 : Operation 178 [1/1] (1.37ns)   --->   "%sel_SEBB42_sel_SEBB5 = select i1 %tmp_12_7, i32 %sel_SEBB42_sel_SEBB, i32 %sel_SEBB38" [MedianFilter/median.cpp:33]   --->   Core 26 'Sel' <Latency = 0> <II = 1> <Delay = 1.37> <FuncUnit> <Opcode : 'select'> <InPorts = 3> <OutPorts = 1>
ST_8 : Operation 179 [1/1] (1.37ns)   --->   "%sel_SEBB50_sel_SEBB4 = select i1 %tmp_12_7, i32 %sel_SEBB38, i32 %sel_SEBB42_sel_SEBB" [MedianFilter/median.cpp:33]   --->   Core 26 'Sel' <Latency = 0> <II = 1> <Delay = 1.37> <FuncUnit> <Opcode : 'select'> <InPorts = 3> <OutPorts = 1>
ST_8 : Operation 180 [1/1] (2.47ns)   --->   "%tmp_12_7_1 = icmp sgt i32 %sel_SEBB50_sel_SEBB4, %sel_SEBB36_sel_SEBB4" [MedianFilter/median.cpp:33]   --->   Core 25 'Cmp' <Latency = 0> <II = 1> <Delay = 2.47> <FuncUnit> <Opcode : 'icmp'> <InPorts = 2> <OutPorts = 1>
ST_8 : Operation 181 [1/1] (1.37ns)   --->   "%sel_SEBB43 = select i1 %tmp_12_7_1, i32 %sel_SEBB36_sel_SEBB4, i32 %sel_SEBB50_sel_SEBB4" [MedianFilter/median.cpp:33]   --->   Core 26 'Sel' <Latency = 0> <II = 1> <Delay = 1.37> <FuncUnit> <Opcode : 'select'> <InPorts = 3> <OutPorts = 1>
ST_8 : Operation 182 [1/1] (1.37ns)   --->   "%sel_SEBB44 = select i1 %tmp_12_7_1, i32 %sel_SEBB50_sel_SEBB4, i32 %sel_SEBB36_sel_SEBB4" [MedianFilter/median.cpp:33]   --->   Core 26 'Sel' <Latency = 0> <II = 1> <Delay = 1.37> <FuncUnit> <Opcode : 'select'> <InPorts = 3> <OutPorts = 1>

 <State 9> : 7.69ns
ST_9 : Operation 183 [1/1] (2.47ns)   --->   "%tmp_12_4_8 = icmp sgt i32 %sel_SEBB30, %sel_SEBB33_sel_SEBB2" [MedianFilter/median.cpp:33]   --->   Core 25 'Cmp' <Latency = 0> <II = 1> <Delay = 2.47> <FuncUnit> <Opcode : 'icmp'> <InPorts = 2> <OutPorts = 1>
ST_9 : Operation 184 [1/1] (1.37ns)   --->   "%sel_SEBB33_sel_SEBB2_1 = select i1 %tmp_12_4_8, i32 %sel_SEBB33_sel_SEBB2, i32 %sel_SEBB30" [MedianFilter/median.cpp:33]   --->   Core 26 'Sel' <Latency = 0> <II = 1> <Delay = 1.37> <FuncUnit> <Opcode : 'select'> <InPorts = 3> <OutPorts = 1>
ST_9 : Operation 185 [1/1] (2.47ns)   --->   "%tmp_12_5_6 = icmp sgt i32 %sel_SEBB36, %sel_SEBB29" [MedianFilter/median.cpp:33]   --->   Core 25 'Cmp' <Latency = 0> <II = 1> <Delay = 2.47> <FuncUnit> <Opcode : 'icmp'> <InPorts = 2> <OutPorts = 1>
ST_9 : Operation 186 [1/1] (1.37ns)   --->   "%sel_SEBB38_sel_SEBB = select i1 %tmp_12_5_6, i32 %sel_SEBB29, i32 %sel_SEBB36" [MedianFilter/median.cpp:33]   --->   Core 26 'Sel' <Latency = 0> <II = 1> <Delay = 1.37> <FuncUnit> <Opcode : 'select'> <InPorts = 3> <OutPorts = 1>
ST_9 : Operation 187 [1/1] (1.37ns)   --->   "%sel_SEBB45_sel_SEBB = select i1 %tmp_12_5_6, i32 %sel_SEBB36, i32 %sel_SEBB29" [MedianFilter/median.cpp:33]   --->   Core 26 'Sel' <Latency = 0> <II = 1> <Delay = 1.37> <FuncUnit> <Opcode : 'select'> <InPorts = 3> <OutPorts = 1>
ST_9 : Operation 188 [1/1] (2.47ns)   --->   "%tmp_12_5_7 = icmp sgt i32 %sel_SEBB45_sel_SEBB, %sel_SEBB33_sel_SEBB2_1" [MedianFilter/median.cpp:33]   --->   Core 25 'Cmp' <Latency = 0> <II = 1> <Delay = 2.47> <FuncUnit> <Opcode : 'icmp'> <InPorts = 2> <OutPorts = 1>
ST_9 : Operation 189 [1/1] (1.37ns)   --->   "%sel_SEBB37 = select i1 %tmp_12_5_7, i32 %sel_SEBB33_sel_SEBB2_1, i32 %sel_SEBB45_sel_SEBB" [MedianFilter/median.cpp:33]   --->   Core 26 'Sel' <Latency = 0> <II = 1> <Delay = 1.37> <FuncUnit> <Opcode : 'select'> <InPorts = 3> <OutPorts = 1>
ST_9 : Operation 190 [1/1] (2.47ns)   --->   "%tmp_12_6_4 = icmp sgt i32 %sel_SEBB41, %sel_SEBB35" [MedianFilter/median.cpp:33]   --->   Core 25 'Cmp' <Latency = 0> <II = 1> <Delay = 2.47> <FuncUnit> <Opcode : 'icmp'> <InPorts = 2> <OutPorts = 1>
ST_9 : Operation 191 [1/1] (1.37ns)   --->   "%sel_SEBB44_sel_SEBB = select i1 %tmp_12_6_4, i32 %sel_SEBB35, i32 %sel_SEBB41" [MedianFilter/median.cpp:33]   --->   Core 26 'Sel' <Latency = 0> <II = 1> <Delay = 1.37> <FuncUnit> <Opcode : 'select'> <InPorts = 3> <OutPorts = 1>
ST_9 : Operation 192 [1/1] (1.37ns)   --->   "%sel_SEBB53_sel_SEBB = select i1 %tmp_12_6_4, i32 %sel_SEBB41, i32 %sel_SEBB35" [MedianFilter/median.cpp:33]   --->   Core 26 'Sel' <Latency = 0> <II = 1> <Delay = 1.37> <FuncUnit> <Opcode : 'select'> <InPorts = 3> <OutPorts = 1>
ST_9 : Operation 193 [1/1] (2.47ns)   --->   "%tmp_12_6_5 = icmp sgt i32 %sel_SEBB53_sel_SEBB, %sel_SEBB38_sel_SEBB" [MedianFilter/median.cpp:33]   --->   Core 25 'Cmp' <Latency = 0> <II = 1> <Delay = 2.47> <FuncUnit> <Opcode : 'icmp'> <InPorts = 2> <OutPorts = 1>
ST_9 : Operation 194 [1/1] (1.37ns)   --->   "%sel_SEBB38_sel_SEBB4 = select i1 %tmp_12_6_5, i32 %sel_SEBB38_sel_SEBB, i32 %sel_SEBB53_sel_SEBB" [MedianFilter/median.cpp:33]   --->   Core 26 'Sel' <Latency = 0> <II = 1> <Delay = 1.37> <FuncUnit> <Opcode : 'select'> <InPorts = 3> <OutPorts = 1>
ST_9 : Operation 195 [1/1] (1.37ns)   --->   "%sel_SEBB53_sel_SEBB4 = select i1 %tmp_12_6_5, i32 %sel_SEBB53_sel_SEBB, i32 %sel_SEBB38_sel_SEBB" [MedianFilter/median.cpp:33]   --->   Core 26 'Sel' <Latency = 0> <II = 1> <Delay = 1.37> <FuncUnit> <Opcode : 'select'> <InPorts = 3> <OutPorts = 1>
ST_9 : Operation 196 [1/1] (2.47ns)   --->   "%tmp_12_7_2 = icmp sgt i32 %sel_SEBB44, %sel_SEBB40" [MedianFilter/median.cpp:33]   --->   Core 25 'Cmp' <Latency = 0> <II = 1> <Delay = 2.47> <FuncUnit> <Opcode : 'icmp'> <InPorts = 2> <OutPorts = 1>
ST_9 : Operation 197 [1/1] (1.37ns)   --->   "%sel_SEBB52_sel_SEBB = select i1 %tmp_12_7_2, i32 %sel_SEBB40, i32 %sel_SEBB44" [MedianFilter/median.cpp:33]   --->   Core 26 'Sel' <Latency = 0> <II = 1> <Delay = 1.37> <FuncUnit> <Opcode : 'select'> <InPorts = 3> <OutPorts = 1>
ST_9 : Operation 198 [1/1] (1.37ns)   --->   "%sel_SEBB57_sel_SEBB = select i1 %tmp_12_7_2, i32 %sel_SEBB44, i32 %sel_SEBB40" [MedianFilter/median.cpp:33]   --->   Core 26 'Sel' <Latency = 0> <II = 1> <Delay = 1.37> <FuncUnit> <Opcode : 'select'> <InPorts = 3> <OutPorts = 1>
ST_9 : Operation 199 [1/1] (2.47ns)   --->   "%tmp_12_7_3 = icmp sgt i32 %sel_SEBB57_sel_SEBB, %sel_SEBB44_sel_SEBB" [MedianFilter/median.cpp:33]   --->   Core 25 'Cmp' <Latency = 0> <II = 1> <Delay = 2.47> <FuncUnit> <Opcode : 'icmp'> <InPorts = 2> <OutPorts = 1>
ST_9 : Operation 200 [1/1] (1.37ns)   --->   "%sel_SEBB44_sel_SEBB5 = select i1 %tmp_12_7_3, i32 %sel_SEBB44_sel_SEBB, i32 %sel_SEBB57_sel_SEBB" [MedianFilter/median.cpp:33]   --->   Core 26 'Sel' <Latency = 0> <II = 1> <Delay = 1.37> <FuncUnit> <Opcode : 'select'> <InPorts = 3> <OutPorts = 1>
ST_9 : Operation 201 [1/1] (1.37ns)   --->   "%sel_SEBB57_sel_SEBB5 = select i1 %tmp_12_7_3, i32 %sel_SEBB57_sel_SEBB, i32 %sel_SEBB44_sel_SEBB" [MedianFilter/median.cpp:33]   --->   Core 26 'Sel' <Latency = 0> <II = 1> <Delay = 1.37> <FuncUnit> <Opcode : 'select'> <InPorts = 3> <OutPorts = 1>
ST_9 : Operation 202 [1/1] (2.47ns)   --->   "%tmp_12_8 = icmp sgt i32 %sel_SEBB42_sel_SEBB5, %sel_SEBB43" [MedianFilter/median.cpp:33]   --->   Core 25 'Cmp' <Latency = 0> <II = 1> <Delay = 2.47> <FuncUnit> <Opcode : 'icmp'> <InPorts = 2> <OutPorts = 1>
ST_9 : Operation 203 [1/1] (1.37ns)   --->   "%sel_SEBB42_sel_SEBB5_1 = select i1 %tmp_12_8, i32 %sel_SEBB42_sel_SEBB5, i32 %sel_SEBB43" [MedianFilter/median.cpp:33]   --->   Core 26 'Sel' <Latency = 0> <II = 1> <Delay = 1.37> <FuncUnit> <Opcode : 'select'> <InPorts = 3> <OutPorts = 1>
ST_9 : Operation 204 [1/1] (2.47ns)   --->   "%tmp_12_8_1 = icmp sgt i32 %sel_SEBB42_sel_SEBB5_1, %sel_SEBB52_sel_SEBB" [MedianFilter/median.cpp:33]   --->   Core 25 'Cmp' <Latency = 0> <II = 1> <Delay = 2.47> <FuncUnit> <Opcode : 'icmp'> <InPorts = 2> <OutPorts = 1>
ST_9 : Operation 205 [1/1] (1.37ns)   --->   "%sel_SEBB47 = select i1 %tmp_12_8_1, i32 %sel_SEBB42_sel_SEBB5_1, i32 %sel_SEBB52_sel_SEBB" [MedianFilter/median.cpp:33]   --->   Core 26 'Sel' <Latency = 0> <II = 1> <Delay = 1.37> <FuncUnit> <Opcode : 'select'> <InPorts = 3> <OutPorts = 1>

 <State 10> : 7.69ns
ST_10 : Operation 206 [1/1] (2.47ns)   --->   "%tmp_12_6_6 = icmp sgt i32 %sel_SEBB53_sel_SEBB4, %sel_SEBB37" [MedianFilter/median.cpp:33]   --->   Core 25 'Cmp' <Latency = 0> <II = 1> <Delay = 2.47> <FuncUnit> <Opcode : 'icmp'> <InPorts = 2> <OutPorts = 1>
ST_10 : Operation 207 [1/1] (1.37ns)   --->   "%sel_SEBB42 = select i1 %tmp_12_6_6, i32 %sel_SEBB37, i32 %sel_SEBB53_sel_SEBB4" [MedianFilter/median.cpp:33]   --->   Core 26 'Sel' <Latency = 0> <II = 1> <Delay = 1.37> <FuncUnit> <Opcode : 'select'> <InPorts = 3> <OutPorts = 1>
ST_10 : Operation 208 [1/1] (2.47ns)   --->   "%tmp_12_7_4 = icmp sgt i32 %sel_SEBB57_sel_SEBB5, %sel_SEBB38_sel_SEBB4" [MedianFilter/median.cpp:33]   --->   Core 25 'Cmp' <Latency = 0> <II = 1> <Delay = 2.47> <FuncUnit> <Opcode : 'icmp'> <InPorts = 2> <OutPorts = 1>
ST_10 : Operation 209 [1/1] (1.37ns)   --->   "%sel_SEBB45 = select i1 %tmp_12_7_4, i32 %sel_SEBB38_sel_SEBB4, i32 %sel_SEBB57_sel_SEBB5" [MedianFilter/median.cpp:33]   --->   Core 26 'Sel' <Latency = 0> <II = 1> <Delay = 1.37> <FuncUnit> <Opcode : 'select'> <InPorts = 3> <OutPorts = 1>
ST_10 : Operation 210 [1/1] (1.37ns)   --->   "%sel_SEBB46 = select i1 %tmp_12_7_4, i32 %sel_SEBB57_sel_SEBB5, i32 %sel_SEBB38_sel_SEBB4" [MedianFilter/median.cpp:33]   --->   Core 26 'Sel' <Latency = 0> <II = 1> <Delay = 1.37> <FuncUnit> <Opcode : 'select'> <InPorts = 3> <OutPorts = 1>
ST_10 : Operation 211 [1/1] (2.47ns)   --->   "%tmp_12_7_5 = icmp sgt i32 %sel_SEBB46, %sel_SEBB42" [MedianFilter/median.cpp:33]   --->   Core 25 'Cmp' <Latency = 0> <II = 1> <Delay = 2.47> <FuncUnit> <Opcode : 'icmp'> <InPorts = 2> <OutPorts = 1>
ST_10 : Operation 212 [1/1] (1.37ns)   --->   "%sel_SEBB54_sel_SEBB = select i1 %tmp_12_7_5, i32 %sel_SEBB42, i32 %sel_SEBB46" [MedianFilter/median.cpp:33]   --->   Core 26 'Sel' <Latency = 0> <II = 1> <Delay = 1.37> <FuncUnit> <Opcode : 'select'> <InPorts = 3> <OutPorts = 1>
ST_10 : Operation 213 [1/1] (2.47ns)   --->   "%tmp_12_8_2 = icmp sgt i32 %sel_SEBB47, %sel_SEBB44_sel_SEBB5" [MedianFilter/median.cpp:33]   --->   Core 25 'Cmp' <Latency = 0> <II = 1> <Delay = 2.47> <FuncUnit> <Opcode : 'icmp'> <InPorts = 2> <OutPorts = 1>
ST_10 : Operation 214 [1/1] (1.37ns)   --->   "%sel_SEBB48 = select i1 %tmp_12_8_2, i32 %sel_SEBB47, i32 %sel_SEBB44_sel_SEBB5" [MedianFilter/median.cpp:33]   --->   Core 26 'Sel' <Latency = 0> <II = 1> <Delay = 1.37> <FuncUnit> <Opcode : 'select'> <InPorts = 3> <OutPorts = 1>
ST_10 : Operation 215 [1/1] (2.47ns)   --->   "%tmp_12_8_3 = icmp sgt i32 %sel_SEBB48, %sel_SEBB45" [MedianFilter/median.cpp:33]   --->   Core 25 'Cmp' <Latency = 0> <II = 1> <Delay = 2.47> <FuncUnit> <Opcode : 'icmp'> <InPorts = 2> <OutPorts = 1>
ST_10 : Operation 216 [1/1] (1.37ns)   --->   "%sel_SEBB63_sel_SEBB = select i1 %tmp_12_8_3, i32 %sel_SEBB48, i32 %sel_SEBB45" [MedianFilter/median.cpp:33]   --->   Core 26 'Sel' <Latency = 0> <II = 1> <Delay = 1.37> <FuncUnit> <Opcode : 'select'> <InPorts = 3> <OutPorts = 1>

 <State 11> : 3.84ns
ST_11 : Operation 217 [1/1] (2.47ns)   --->   "%tmp_12_8_4 = icmp sgt i32 %sel_SEBB63_sel_SEBB, %sel_SEBB54_sel_SEBB" [MedianFilter/median.cpp:33]   --->   Core 25 'Cmp' <Latency = 0> <II = 1> <Delay = 2.47> <FuncUnit> <Opcode : 'icmp'> <InPorts = 2> <OutPorts = 1>
ST_11 : Operation 218 [1/1] (1.37ns)   --->   "%sel_SEBB54_sel_SEBB5 = select i1 %tmp_12_8_4, i32 %sel_SEBB54_sel_SEBB, i32 %sel_SEBB63_sel_SEBB" [MedianFilter/median.cpp:33]   --->   Core 26 'Sel' <Latency = 0> <II = 1> <Delay = 1.37> <FuncUnit> <Opcode : 'select'> <InPorts = 3> <OutPorts = 1>
ST_11 : Operation 219 [1/1] (0.00ns)   --->   "ret i32 %sel_SEBB54_sel_SEBB5" [MedianFilter/median.cpp:41]


============================================================
+ Verbose Summary: Timing violations
============================================================
Target clock period: 10ns, clock uncertainty: 1.25ns.

 <State 1>: 7.69ns
The critical path consists of the following:
	wire read on port 'CROP_0_1_read' [17]  (0 ns)
	'icmp' operation ('tmp_s', MedianFilter/median.cpp:33) [19]  (2.47 ns)
	'select' operation ('p_read_read1', MedianFilter/median.cpp:33) [21]  (1.37 ns)
	'icmp' operation ('tmp_12_0_1', MedianFilter/median.cpp:33) [22]  (2.47 ns)
	'select' operation ('p_read2_read_read1', MedianFilter/median.cpp:33) [23]  (1.37 ns)

 <State 2>: 7.69ns
The critical path consists of the following:
	'icmp' operation ('tmp_12_0_2', MedianFilter/median.cpp:33) [25]  (2.47 ns)
	'select' operation ('p_read3_read_read1_s', MedianFilter/median.cpp:33) [26]  (1.37 ns)
	'icmp' operation ('tmp_12_1_1', MedianFilter/median.cpp:33) [46]  (2.47 ns)
	'select' operation ('sel_SEBB1', MedianFilter/median.cpp:33) [47]  (1.37 ns)

 <State 3>: 7.69ns
The critical path consists of the following:
	'icmp' operation ('tmp_12_0_4', MedianFilter/median.cpp:33) [31]  (2.47 ns)
	'select' operation ('p_read5_read_read1_s', MedianFilter/median.cpp:33) [32]  (1.37 ns)
	'icmp' operation ('tmp_12_1_3', MedianFilter/median.cpp:33) [52]  (2.47 ns)
	'select' operation ('sel_SEBB3', MedianFilter/median.cpp:33) [53]  (1.37 ns)

 <State 4>: 7.69ns
The critical path consists of the following:
	'icmp' operation ('tmp_12_0_6', MedianFilter/median.cpp:33) [37]  (2.47 ns)
	'select' operation ('sel_SEBB', MedianFilter/median.cpp:33) [38]  (1.37 ns)
	'icmp' operation ('tmp_12_1_5', MedianFilter/median.cpp:33) [58]  (2.47 ns)
	'select' operation ('sel_SEBB_sel_SEBB', MedianFilter/median.cpp:33) [59]  (1.37 ns)

 <State 5>: 7.69ns
The critical path consists of the following:
	'icmp' operation ('tmp_12_1_6', MedianFilter/median.cpp:33) [61]  (2.47 ns)
	'select' operation ('p_read8_sel_SEBB9_sel', MedianFilter/median.cpp:33) [62]  (1.37 ns)
	'icmp' operation ('tmp_12_2_5', MedianFilter/median.cpp:33) [82]  (2.47 ns)
	'select' operation ('p_read8_sel_SEBB9_sel_1', MedianFilter/median.cpp:33) [83]  (1.37 ns)

 <State 6>: 7.69ns
The critical path consists of the following:
	'icmp' operation ('tmp_12_2_6', MedianFilter/median.cpp:33) [85]  (2.47 ns)
	'select' operation ('sel_SEBB14', MedianFilter/median.cpp:33) [87]  (1.37 ns)
	'icmp' operation ('tmp_12_2_7', MedianFilter/median.cpp:33) [88]  (2.47 ns)
	'select' operation ('sel_SEBB9_read8_sel', MedianFilter/median.cpp:33) [89]  (1.37 ns)

 <State 7>: 7.69ns
The critical path consists of the following:
	'icmp' operation ('tmp_12_2_8', MedianFilter/median.cpp:33) [91]  (2.47 ns)
	'select' operation ('sel_SEBB16', MedianFilter/median.cpp:33) [93]  (1.37 ns)
	'icmp' operation ('tmp_12_3_7', MedianFilter/median.cpp:33) [115]  (2.47 ns)
	'select' operation ('sel_SEBB33_sel_SEBB', MedianFilter/median.cpp:33) [117]  (1.37 ns)

 <State 8>: 7.69ns
The critical path consists of the following:
	'icmp' operation ('tmp_12_3_8', MedianFilter/median.cpp:33) [118]  (2.47 ns)
	'select' operation ('sel_SEBB24_sel_SEBB3', MedianFilter/median.cpp:33) [120]  (1.37 ns)
	'icmp' operation ('tmp_12_4_7', MedianFilter/median.cpp:33) [142]  (2.47 ns)
	'select' operation ('sel_SEBB29', MedianFilter/median.cpp:33) [143]  (1.37 ns)

 <State 9>: 7.69ns
The critical path consists of the following:
	'icmp' operation ('tmp_12_4_8', MedianFilter/median.cpp:33) [145]  (2.47 ns)
	'select' operation ('sel_SEBB33_sel_SEBB2_1', MedianFilter/median.cpp:33) [146]  (1.37 ns)
	'icmp' operation ('tmp_12_5_7', MedianFilter/median.cpp:33) [168]  (2.47 ns)
	'select' operation ('sel_SEBB37', MedianFilter/median.cpp:33) [169]  (1.37 ns)

 <State 10>: 7.69ns
The critical path consists of the following:
	'icmp' operation ('tmp_12_6_6', MedianFilter/median.cpp:33) [188]  (2.47 ns)
	'select' operation ('sel_SEBB42', MedianFilter/median.cpp:33) [189]  (1.37 ns)
	'icmp' operation ('tmp_12_7_5', MedianFilter/median.cpp:33) [205]  (2.47 ns)
	'select' operation ('sel_SEBB54_sel_SEBB', MedianFilter/median.cpp:33) [206]  (1.37 ns)

 <State 11>: 3.84ns
The critical path consists of the following:
	'icmp' operation ('tmp_12_8_4', MedianFilter/median.cpp:33) [215]  (2.47 ns)
	'select' operation ('sel_SEBB54_sel_SEBB5', MedianFilter/median.cpp:33) [216]  (1.37 ns)


============================================================
+ Verbose Summary: Binding
============================================================
N/A
* FSMD analyzer results:
  - Output states:
 - Input state : 
  - Chain level:
	State 1
	State 2
	State 3
	State 4
	State 5
	State 6
	State 7
	State 8
	State 9
	State 10
	State 11


============================================================
+ Verbose Summary: Datapath Resource usage 
============================================================
N/A
