

================================================================
== Vivado HLS Report for 'read_pixels_from_str'
================================================================
* Date:           Thu Dec  6 13:20:26 2018

* Version:        2017.4 (Build 2086221 on Fri Dec 15 21:13:33 MST 2017)
* Project:        MedianFilter
* Solution:       solution3
* Product family: zynq
* Target device:  xc7z020clg484-1


================================================================
== Performance Estimates
================================================================
+ Timing (ns): 
    * Summary: 
    +--------+-------+----------+------------+
    |  Clock | Target| Estimated| Uncertainty|
    +--------+-------+----------+------------+
    |ap_clk  |  10.00|      8.75|        1.25|
    +--------+-------+----------+------------+

+ Latency (clock cycles): 
    * Summary: 
    +--------+--------+--------+--------+---------+
    |     Latency     |     Interval    | Pipeline|
    |   min  |   max  |   min  |   max  |   Type  |
    +--------+--------+--------+--------+---------+
    |  357612|  357612|  357612|  357612|   none  |
    +--------+--------+--------+--------+---------+

    + Detail: 
        * Instance: 
        N/A

        * Loop: 
        +--------------------------------+--------+--------+----------+-----------+-----------+--------+----------+
        |                                |     Latency     | Iteration|  Initiation Interval  |  Trip  |          |
        |            Loop Name           |   min  |   max  |  Latency |  achieved |   target  |  Count | Pipelined|
        +--------------------------------+--------+--------+----------+-----------+-----------+--------+----------+
        |- read_pixels_from_stream_loop  |  357605|  357605|         3|          1|          1|  357604|    yes   |
        +--------------------------------+--------+--------+----------+-----------+-----------+--------+----------+

============================================================
+ Verbose Summary: Synthesis Manager
============================================================
InlineROM: 1
ExposeGlobal: 0
============================================================
+ Verbose Summary: CDFG Model
============================================================
IsTopModel: 0
ResetActiveHigh: 1
IsCombinational: 2
IsDatapathOnly: 0
HasWiredReturn: 1
HasMFsm: 0
HasVarLatency: 1
IsPipeline: 0
IsRtlPipelined: 0
IsInstanceOverlapped: 0
IsDontTouch: 0
HasImplIP: 0
IsGatedGlobalClock: 0

+ Individual pipeline summary: 
  * Pipeline-0: initiation interval (II) = 1, depth = 3


============================================================
+ Verbose Summary: Schedule
============================================================
* Number of FSM states : 10
* Pipeline : 1
  Pipeline-0 : II = 1, D = 3, States = { 3 4 5 }
* Dataflow Pipeline: 0

* FSM state transitions: 
1 --> 
	2  / true
2 --> 
	3  / true
3 --> 
	6  / (exitcond_i)
	4  / (!exitcond_i)
4 --> 
	5  / true
5 --> 
	3  / true
6 --> 
	7  / true
7 --> 
	8  / true
8 --> 
	9  / true
9 --> 
	10  / true
10 --> 

* FSM state operations: 

 <State 1> : 3.63ns
ST_1 : Operation 11 [1/1] (3.63ns)   --->   "%out_array_offset_rea = call i32 @_ssdm_op_Read.ap_fifo.i32P(i32* %out_array_offset)"   --->   Core 32 'FIFO' <Latency = 0> <II = 1> <Delay = 3.63> <Storage> <Opcode : 'read' 'write' 'nbread' 'nbwrite'> <Ports = 0> <Width = 32> <Depth = 2> <FIFO>
ST_1 : Operation 12 [1/1] (0.00ns)   --->   "%out_array_offset1_i = call i30 @_ssdm_op_PartSelect.i30.i32.i32.i32(i32 %out_array_offset_rea, i32 2, i32 31)"

 <State 2> : 8.75ns
ST_2 : Operation 13 [1/1] (0.00ns)   --->   "call void (...)* @_ssdm_op_SpecInterface(i32* %out_stream_V, [8 x i8]* @ap_fifo_str, i32 0, i32 0, [1 x i8]* @p_str32, i32 0, i32 0, [1 x i8]* @p_str33, [1 x i8]* @p_str34, [1 x i8]* @p_str35, i32 2, i32 2, i32 16, i32 16, [1 x i8]* @p_str36, [1 x i8]* @p_str37)"
ST_2 : Operation 14 [1/1] (0.00ns)   --->   "call void (...)* @_ssdm_op_SpecInterface(i32* %out_array, [6 x i8]* @p_str7, i32 0, i32 0, [1 x i8]* @p_str1, i32 0, i32 400000, [1 x i8]* @p_str1, [6 x i8]* @p_str8, [1 x i8]* @p_str1, i32 2, i32 2, i32 256, i32 256, [1 x i8]* @p_str1, [1 x i8]* @p_str1)"
ST_2 : Operation 15 [1/1] (0.00ns)   --->   "call void (...)* @_ssdm_op_SpecInterface(i32* %out_array_offset, [8 x i8]* @ap_fifo_str, i32 0, i32 0, [1 x i8]* @p_str43, i32 0, i32 0, [1 x i8]* @p_str44, [1 x i8]* @p_str45, [1 x i8]* @p_str46, i32 2, i32 2, i32 16, i32 16, [1 x i8]* @p_str47, [1 x i8]* @p_str48)"
ST_2 : Operation 16 [1/1] (0.00ns)   --->   "call void (...)* @_ssdm_op_SpecInterface(i32* %out_stream_V, [8 x i8]* @ap_fifo_str, i32 0, i32 0, [1 x i8]* @p_str32, i32 0, i32 0, [1 x i8]* @p_str33, [1 x i8]* @p_str34, [1 x i8]* @p_str35, i32 2, i32 2, i32 16, i32 16, [1 x i8]* @p_str36, [1 x i8]* @p_str37)"
ST_2 : Operation 17 [1/1] (0.00ns)   --->   "call void (...)* @_ssdm_op_SpecInterface(i32* %out_array, [6 x i8]* @p_str7, i32 0, i32 0, [1 x i8]* @p_str1, i32 0, i32 400000, [1 x i8]* @p_str1, [6 x i8]* @p_str8, [1 x i8]* @p_str1, i32 2, i32 2, i32 256, i32 256, [1 x i8]* @p_str1, [1 x i8]* @p_str1)"
ST_2 : Operation 18 [1/1] (0.00ns)   --->   "%sext_i = zext i30 %out_array_offset1_i to i64"
ST_2 : Operation 19 [1/1] (0.00ns)   --->   "%out_array_addr = getelementptr i32* %out_array, i64 %sext_i"
ST_2 : Operation 20 [1/1] (8.75ns)   --->   "%out_array_addr_i_wr_s = call i1 @_ssdm_op_WriteReq.m_axi.i32P(i32* %out_array_addr, i32 357604)" [MedianFilter/median.cpp:16]   --->   Core 9 'm_axi' <Latency = 6> <II = 1> <Delay = 1.00> <Adapter> <Opcode : 'read' 'write' 'readreq' 'writereq' 'writeresp'>
ST_2 : Operation 21 [1/1] (1.76ns)   --->   "br label %0" [MedianFilter/median.cpp:13]

 <State 3> : 2.44ns
ST_3 : Operation 22 [1/1] (0.00ns)   --->   "%i_i = phi i19 [ 0, %entry ], [ %i, %1 ]"
ST_3 : Operation 23 [1/1] (2.43ns)   --->   "%exitcond_i = icmp eq i19 %i_i, -166684" [MedianFilter/median.cpp:13]   --->   Core 25 'Cmp' <Latency = 0> <II = 1> <Delay = 2.43> <FuncUnit> <Opcode : 'icmp'> <InPorts = 2> <OutPorts = 1>
ST_3 : Operation 24 [1/1] (2.16ns)   --->   "%i = add i19 %i_i, 1" [MedianFilter/median.cpp:13]   --->   Core 14 'AddSub' <Latency = 0> <II = 1> <Delay = 2.16> <FuncUnit> <Opcode : 'add' 'sub'> <InPorts = 2> <OutPorts = 1>
ST_3 : Operation 25 [1/1] (0.00ns)   --->   "br i1 %exitcond_i, label %.exit, label %1" [MedianFilter/median.cpp:13]

 <State 4> : 3.63ns
ST_4 : Operation 26 [1/1] (3.63ns)   --->   "%tmp = call i32 @_ssdm_op_Read.ap_fifo.volatile.i32P(i32* %out_stream_V)" [MedianFilter/median.cpp:15]   --->   Core 32 'FIFO' <Latency = 0> <II = 1> <Delay = 3.63> <Storage> <Opcode : 'read' 'write' 'nbread' 'nbwrite'> <Ports = 0> <Width = 32> <Depth = 2> <FIFO>

 <State 5> : 8.75ns
ST_5 : Operation 27 [1/1] (0.00ns)   --->   "%empty = call i32 (...)* @_ssdm_op_SpecLoopTripCount(i64 357604, i64 357604, i64 357604)"
ST_5 : Operation 28 [1/1] (0.00ns)   --->   "call void (...)* @_ssdm_op_SpecLoopName([29 x i8]* @p_str2) nounwind" [MedianFilter/median.cpp:13]
ST_5 : Operation 29 [1/1] (0.00ns)   --->   "%tmp_5_i = call i32 (...)* @_ssdm_op_SpecRegionBegin([29 x i8]* @p_str2)" [MedianFilter/median.cpp:13]
ST_5 : Operation 30 [1/1] (0.00ns)   --->   "call void (...)* @_ssdm_op_SpecPipeline(i32 -1, i32 1, i32 1, i32 0, [1 x i8]* @p_str1) nounwind" [MedianFilter/median.cpp:14]
ST_5 : Operation 31 [1/1] (8.75ns)   --->   "call void @_ssdm_op_Write.m_axi.i32P(i32* %out_array_addr, i32 %tmp, i4 -1)" [MedianFilter/median.cpp:16]   --->   Core 9 'm_axi' <Latency = 6> <II = 1> <Delay = 1.00> <Adapter> <Opcode : 'read' 'write' 'readreq' 'writereq' 'writeresp'>
ST_5 : Operation 32 [1/1] (0.00ns)   --->   "%empty_9 = call i32 (...)* @_ssdm_op_SpecRegionEnd([29 x i8]* @p_str2, i32 %tmp_5_i)" [MedianFilter/median.cpp:17]
ST_5 : Operation 33 [1/1] (0.00ns)   --->   "br label %0" [MedianFilter/median.cpp:13]

 <State 6> : 8.75ns
ST_6 : Operation 34 [5/5] (8.75ns)   --->   "%out_array_addr_i_wr_1 = call i1 @_ssdm_op_WriteResp.m_axi.i32P(i32* %out_array_addr)" [MedianFilter/median.cpp:16]   --->   Core 9 'm_axi' <Latency = 6> <II = 1> <Delay = 1.00> <Adapter> <Opcode : 'read' 'write' 'readreq' 'writereq' 'writeresp'>

 <State 7> : 8.75ns
ST_7 : Operation 35 [4/5] (8.75ns)   --->   "%out_array_addr_i_wr_1 = call i1 @_ssdm_op_WriteResp.m_axi.i32P(i32* %out_array_addr)" [MedianFilter/median.cpp:16]   --->   Core 9 'm_axi' <Latency = 6> <II = 1> <Delay = 1.00> <Adapter> <Opcode : 'read' 'write' 'readreq' 'writereq' 'writeresp'>

 <State 8> : 8.75ns
ST_8 : Operation 36 [3/5] (8.75ns)   --->   "%out_array_addr_i_wr_1 = call i1 @_ssdm_op_WriteResp.m_axi.i32P(i32* %out_array_addr)" [MedianFilter/median.cpp:16]   --->   Core 9 'm_axi' <Latency = 6> <II = 1> <Delay = 1.00> <Adapter> <Opcode : 'read' 'write' 'readreq' 'writereq' 'writeresp'>

 <State 9> : 8.75ns
ST_9 : Operation 37 [2/5] (8.75ns)   --->   "%out_array_addr_i_wr_1 = call i1 @_ssdm_op_WriteResp.m_axi.i32P(i32* %out_array_addr)" [MedianFilter/median.cpp:16]   --->   Core 9 'm_axi' <Latency = 6> <II = 1> <Delay = 1.00> <Adapter> <Opcode : 'read' 'write' 'readreq' 'writereq' 'writeresp'>

 <State 10> : 8.75ns
ST_10 : Operation 38 [1/5] (8.75ns)   --->   "%out_array_addr_i_wr_1 = call i1 @_ssdm_op_WriteResp.m_axi.i32P(i32* %out_array_addr)" [MedianFilter/median.cpp:16]   --->   Core 9 'm_axi' <Latency = 6> <II = 1> <Delay = 1.00> <Adapter> <Opcode : 'read' 'write' 'readreq' 'writereq' 'writeresp'>
ST_10 : Operation 39 [1/1] (0.00ns)   --->   "ret void"


============================================================
+ Verbose Summary: Timing violations
============================================================
Target clock period: 10ns, clock uncertainty: 1.25ns.

 <State 1>: 3.63ns
The critical path consists of the following:
	fifo read on port 'out_array_offset' [7]  (3.63 ns)

 <State 2>: 8.75ns
The critical path consists of the following:
	'getelementptr' operation ('out_array_addr') [12]  (0 ns)
	bus request on port 'out_array' (MedianFilter/median.cpp:16) [13]  (8.75 ns)

 <State 3>: 2.44ns
The critical path consists of the following:
	'phi' operation ('i') with incoming values : ('i', MedianFilter/median.cpp:13) [16]  (0 ns)
	'icmp' operation ('exitcond_i', MedianFilter/median.cpp:13) [17]  (2.44 ns)

 <State 4>: 3.63ns
The critical path consists of the following:
	fifo read on port 'out_stream_V' (MedianFilter/median.cpp:15) [25]  (3.63 ns)

 <State 5>: 8.75ns
The critical path consists of the following:
	bus write on port 'out_array' (MedianFilter/median.cpp:16) [26]  (8.75 ns)

 <State 6>: 8.75ns
The critical path consists of the following:
	bus access on port 'out_array' (MedianFilter/median.cpp:16) [30]  (8.75 ns)

 <State 7>: 8.75ns
The critical path consists of the following:
	bus access on port 'out_array' (MedianFilter/median.cpp:16) [30]  (8.75 ns)

 <State 8>: 8.75ns
The critical path consists of the following:
	bus access on port 'out_array' (MedianFilter/median.cpp:16) [30]  (8.75 ns)

 <State 9>: 8.75ns
The critical path consists of the following:
	bus access on port 'out_array' (MedianFilter/median.cpp:16) [30]  (8.75 ns)

 <State 10>: 8.75ns
The critical path consists of the following:
	bus access on port 'out_array' (MedianFilter/median.cpp:16) [30]  (8.75 ns)


============================================================
+ Verbose Summary: Binding
============================================================
N/A
* FSMD analyzer results:
  - Output states:
 - Input state : 
  - Chain level:
	State 1
	State 2
	State 3
	State 4
	State 5
	State 6
	State 7
	State 8
	State 9
	State 10


============================================================
+ Verbose Summary: Datapath Resource usage 
============================================================
N/A
